2023-02-07 17:33:56,269 - mmcls - INFO - Environment info:
------------------------------------------------------------
sys.platform: linux
Python: 3.8.16 (default, Jan 17 2023, 23:13:24) [GCC 11.2.0]
CUDA available: True
GPU 0: NVIDIA GeForce RTX 3090
CUDA_HOME: /data/apps/cuda/11.1
NVCC: Cuda compilation tools, release 11.1, V11.1.74
GCC: gcc (GCC) 7.3.0
PyTorch: 1.10.1+cu111
PyTorch compiling details: PyTorch built with:
  - GCC 7.3
  - C++ Version: 201402
  - Intel(R) Math Kernel Library Version 2020.0.0 Product Build 20191122 for Intel(R) 64 architecture applications
  - Intel(R) MKL-DNN v2.2.3 (Git Hash 7336ca9f055cf1bfa13efb658fe15dc9b41f0740)
  - OpenMP 201511 (a.k.a. OpenMP 4.5)
  - LAPACK is enabled (usually provided by MKL)
  - NNPACK is enabled
  - CPU capability usage: AVX2
  - CUDA Runtime 11.1
  - NVCC architecture flags: -gencode;arch=compute_37,code=sm_37;-gencode;arch=compute_50,code=sm_50;-gencode;arch=compute_60,code=sm_60;-gencode;arch=compute_70,code=sm_70;-gencode;arch=compute_75,code=sm_75;-gencode;arch=compute_80,code=sm_80;-gencode;arch=compute_86,code=sm_86
  - CuDNN 8.0.5
  - Magma 2.5.2
  - Build settings: BLAS_INFO=mkl, BUILD_TYPE=Release, CUDA_VERSION=11.1, CUDNN_VERSION=8.0.5, CXX_COMPILER=/opt/rh/devtoolset-7/root/usr/bin/c++, CXX_FLAGS= -Wno-deprecated -fvisibility-inlines-hidden -DUSE_PTHREADPOOL -fopenmp -DNDEBUG -DUSE_KINETO -DUSE_FBGEMM -DUSE_QNNPACK -DUSE_PYTORCH_QNNPACK -DUSE_XNNPACK -DSYMBOLICATE_MOBILE_DEBUG_HANDLE -DEDGE_PROFILER_USE_KINETO -O2 -fPIC -Wno-narrowing -Wall -Wextra -Werror=return-type -Wno-missing-field-initializers -Wno-type-limits -Wno-array-bounds -Wno-unknown-pragmas -Wno-sign-compare -Wno-unused-parameter -Wno-unused-variable -Wno-unused-function -Wno-unused-result -Wno-unused-local-typedefs -Wno-strict-overflow -Wno-strict-aliasing -Wno-error=deprecated-declarations -Wno-stringop-overflow -Wno-psabi -Wno-error=pedantic -Wno-error=redundant-decls -Wno-error=old-style-cast -fdiagnostics-color=always -faligned-new -Wno-unused-but-set-variable -Wno-maybe-uninitialized -fno-math-errno -fno-trapping-math -Werror=format -Wno-stringop-overflow, LAPACK_INFO=mkl, PERF_WITH_AVX=1, PERF_WITH_AVX2=1, PERF_WITH_AVX512=1, TORCH_VERSION=1.10.1, USE_CUDA=ON, USE_CUDNN=ON, USE_EXCEPTION_PTR=1, USE_GFLAGS=OFF, USE_GLOG=OFF, USE_MKL=ON, USE_MKLDNN=ON, USE_MPI=OFF, USE_NCCL=ON, USE_NNPACK=ON, USE_OPENMP=ON, 

TorchVision: 0.11.2+cu111
OpenCV: 4.7.0
MMCV: 1.7.0
MMCV Compiler: GCC 7.3
MMCV CUDA Compiler: 11.1
MMClassification: 0.25.0+3d4f80d
------------------------------------------------------------

2023-02-07 17:33:56,270 - mmcls - INFO - Distributed training: False
2023-02-07 17:33:56,369 - mmcls - INFO - Config:
model = dict(
    type='ImageClassifier',
    backbone=dict(
        type='ResNet',
        depth=18,
        num_stages=4,
        out_indices=(3, ),
        style='pytorch'),
    neck=dict(type='GlobalAveragePooling'),
    head=dict(
        type='LinearClsHead',
        num_classes=5,
        in_channels=512,
        loss=dict(type='CrossEntropyLoss', loss_weight=1.0),
        topk=(1, )))
dataset_type = 'ImageNet'
img_norm_cfg = dict(
    mean=[123.675, 116.28, 103.53], std=[58.395, 57.12, 57.375], to_rgb=True)
train_pipeline = [
    dict(type='LoadImageFromFile'),
    dict(type='RandomResizedCrop', size=224),
    dict(type='RandomFlip', flip_prob=0.5, direction='horizontal'),
    dict(
        type='Normalize',
        mean=[123.675, 116.28, 103.53],
        std=[58.395, 57.12, 57.375],
        to_rgb=True),
    dict(type='ImageToTensor', keys=['img']),
    dict(type='ToTensor', keys=['gt_label']),
    dict(type='Collect', keys=['img', 'gt_label'])
]
test_pipeline = [
    dict(type='LoadImageFromFile'),
    dict(type='Resize', size=(256, -1)),
    dict(type='CenterCrop', crop_size=224),
    dict(
        type='Normalize',
        mean=[123.675, 116.28, 103.53],
        std=[58.395, 57.12, 57.375],
        to_rgb=True),
    dict(type='ImageToTensor', keys=['img']),
    dict(type='Collect', keys=['img'])
]
data = dict(
    samples_per_gpu=32,
    workers_per_gpu=2,
    train=dict(
        type='ImageNet',
        data_prefix='/HOME/scz0bei/run/mmclassification/data/FAFA/train',
        pipeline=[
            dict(type='LoadImageFromFile'),
            dict(type='RandomResizedCrop', size=224),
            dict(type='RandomFlip', flip_prob=0.5, direction='horizontal'),
            dict(
                type='Normalize',
                mean=[123.675, 116.28, 103.53],
                std=[58.395, 57.12, 57.375],
                to_rgb=True),
            dict(type='ImageToTensor', keys=['img']),
            dict(type='ToTensor', keys=['gt_label']),
            dict(type='Collect', keys=['img', 'gt_label'])
        ],
        ann_file='/HOME/scz0bei/run/mmclassification/data/FAFA/train.txt',
        classes='/HOME/scz0bei/run/mmclassification/data/FAFA/classes.txt'),
    val=dict(
        type='ImageNet',
        data_prefix='/HOME/scz0bei/run/mmclassification/data/FAFA/val',
        ann_file='/HOME/scz0bei/run/mmclassification/data/FAFA/val.txt',
        pipeline=[
            dict(type='LoadImageFromFile'),
            dict(type='Resize', size=(256, -1)),
            dict(type='CenterCrop', crop_size=224),
            dict(
                type='Normalize',
                mean=[123.675, 116.28, 103.53],
                std=[58.395, 57.12, 57.375],
                to_rgb=True),
            dict(type='ImageToTensor', keys=['img']),
            dict(type='Collect', keys=['img'])
        ],
        classes='/HOME/scz0bei/run/mmclassification/data/FAFA/classes.txt'),
    test=dict(
        type='ImageNet',
        data_prefix='data/imagenet/val',
        ann_file='data/imagenet/meta/val.txt',
        pipeline=[
            dict(type='LoadImageFromFile'),
            dict(type='Resize', size=(256, -1)),
            dict(type='CenterCrop', crop_size=224),
            dict(
                type='Normalize',
                mean=[123.675, 116.28, 103.53],
                std=[58.395, 57.12, 57.375],
                to_rgb=True),
            dict(type='ImageToTensor', keys=['img']),
            dict(type='Collect', keys=['img'])
        ]))
evaluation = dict(
    interval=1, metric='accuracy', metric_options=dict(topk=(1, )))
checkpoint_config = dict(interval=1)
log_config = dict(interval=100, hooks=[dict(type='TextLoggerHook')])
dist_params = dict(backend='nccl')
log_level = 'INFO'
load_from = '/HOME/scz0bei/run/mmclassification/checkpoints/resnet152_b16x8_cifar10_20210528-3e8e9178.pth'
resume_from = None
workflow = [('train', 1)]
optimizer = dict(type='SGD', lr=0.001, momentum=0.9, weight_decay=0.0001)
optimizer_config = dict(grad_clip=None)
lr_config = dict(policy='step', step=[1])
runner = dict(type='EpochBasedRunner', max_epochs=100)
work_dir = 'work/resnet18_b32_flower'
gpu_ids = [0]

2023-02-07 17:33:56,370 - mmcls - INFO - Set random seed to 316293237, deterministic: False
2023-02-07 17:33:56,451 - mmcls - INFO - initialize ResNet with init_cfg [{'type': 'Kaiming', 'layer': ['Conv2d']}, {'type': 'Constant', 'val': 1, 'layer': ['_BatchNorm', 'GroupNorm']}]
2023-02-07 17:33:56,540 - mmcls - INFO - initialize LinearClsHead with init_cfg {'type': 'Normal', 'layer': 'Linear', 'std': 0.01}
Name of parameter - Initialization information

backbone.conv1.weight - torch.Size([64, 3, 7, 7]): 
KaimingInit: a=0, mode=fan_out, nonlinearity=relu, distribution =normal, bias=0 

backbone.bn1.weight - torch.Size([64]): 
The value is the same before and after calling `init_weights` of ImageClassifier  

backbone.bn1.bias - torch.Size([64]): 
The value is the same before and after calling `init_weights` of ImageClassifier  

backbone.layer1.0.conv1.weight - torch.Size([64, 64, 3, 3]): 
KaimingInit: a=0, mode=fan_out, nonlinearity=relu, distribution =normal, bias=0 

backbone.layer1.0.bn1.weight - torch.Size([64]): 
The value is the same before and after calling `init_weights` of ImageClassifier  

backbone.layer1.0.bn1.bias - torch.Size([64]): 
The value is the same before and after calling `init_weights` of ImageClassifier  

backbone.layer1.0.conv2.weight - torch.Size([64, 64, 3, 3]): 
KaimingInit: a=0, mode=fan_out, nonlinearity=relu, distribution =normal, bias=0 

backbone.layer1.0.bn2.weight - torch.Size([64]): 
Initialized by user-defined `init_weights` in ResNet  

backbone.layer1.0.bn2.bias - torch.Size([64]): 
The value is the same before and after calling `init_weights` of ImageClassifier  

backbone.layer1.1.conv1.weight - torch.Size([64, 64, 3, 3]): 
KaimingInit: a=0, mode=fan_out, nonlinearity=relu, distribution =normal, bias=0 

backbone.layer1.1.bn1.weight - torch.Size([64]): 
The value is the same before and after calling `init_weights` of ImageClassifier  

backbone.layer1.1.bn1.bias - torch.Size([64]): 
The value is the same before and after calling `init_weights` of ImageClassifier  

backbone.layer1.1.conv2.weight - torch.Size([64, 64, 3, 3]): 
KaimingInit: a=0, mode=fan_out, nonlinearity=relu, distribution =normal, bias=0 

backbone.layer1.1.bn2.weight - torch.Size([64]): 
Initialized by user-defined `init_weights` in ResNet  

backbone.layer1.1.bn2.bias - torch.Size([64]): 
The value is the same before and after calling `init_weights` of ImageClassifier  

backbone.layer2.0.conv1.weight - torch.Size([128, 64, 3, 3]): 
KaimingInit: a=0, mode=fan_out, nonlinearity=relu, distribution =normal, bias=0 

backbone.layer2.0.bn1.weight - torch.Size([128]): 
The value is the same before and after calling `init_weights` of ImageClassifier  

backbone.layer2.0.bn1.bias - torch.Size([128]): 
The value is the same before and after calling `init_weights` of ImageClassifier  

backbone.layer2.0.conv2.weight - torch.Size([128, 128, 3, 3]): 
KaimingInit: a=0, mode=fan_out, nonlinearity=relu, distribution =normal, bias=0 

backbone.layer2.0.bn2.weight - torch.Size([128]): 
Initialized by user-defined `init_weights` in ResNet  

backbone.layer2.0.bn2.bias - torch.Size([128]): 
The value is the same before and after calling `init_weights` of ImageClassifier  

backbone.layer2.0.downsample.0.weight - torch.Size([128, 64, 1, 1]): 
KaimingInit: a=0, mode=fan_out, nonlinearity=relu, distribution =normal, bias=0 

backbone.layer2.0.downsample.1.weight - torch.Size([128]): 
The value is the same before and after calling `init_weights` of ImageClassifier  

backbone.layer2.0.downsample.1.bias - torch.Size([128]): 
The value is the same before and after calling `init_weights` of ImageClassifier  

backbone.layer2.1.conv1.weight - torch.Size([128, 128, 3, 3]): 
KaimingInit: a=0, mode=fan_out, nonlinearity=relu, distribution =normal, bias=0 

backbone.layer2.1.bn1.weight - torch.Size([128]): 
The value is the same before and after calling `init_weights` of ImageClassifier  

backbone.layer2.1.bn1.bias - torch.Size([128]): 
The value is the same before and after calling `init_weights` of ImageClassifier  

backbone.layer2.1.conv2.weight - torch.Size([128, 128, 3, 3]): 
KaimingInit: a=0, mode=fan_out, nonlinearity=relu, distribution =normal, bias=0 

backbone.layer2.1.bn2.weight - torch.Size([128]): 
Initialized by user-defined `init_weights` in ResNet  

backbone.layer2.1.bn2.bias - torch.Size([128]): 
The value is the same before and after calling `init_weights` of ImageClassifier  

backbone.layer3.0.conv1.weight - torch.Size([256, 128, 3, 3]): 
KaimingInit: a=0, mode=fan_out, nonlinearity=relu, distribution =normal, bias=0 

backbone.layer3.0.bn1.weight - torch.Size([256]): 
The value is the same before and after calling `init_weights` of ImageClassifier  

backbone.layer3.0.bn1.bias - torch.Size([256]): 
The value is the same before and after calling `init_weights` of ImageClassifier  

backbone.layer3.0.conv2.weight - torch.Size([256, 256, 3, 3]): 
KaimingInit: a=0, mode=fan_out, nonlinearity=relu, distribution =normal, bias=0 

backbone.layer3.0.bn2.weight - torch.Size([256]): 
Initialized by user-defined `init_weights` in ResNet  

backbone.layer3.0.bn2.bias - torch.Size([256]): 
The value is the same before and after calling `init_weights` of ImageClassifier  

backbone.layer3.0.downsample.0.weight - torch.Size([256, 128, 1, 1]): 
KaimingInit: a=0, mode=fan_out, nonlinearity=relu, distribution =normal, bias=0 

backbone.layer3.0.downsample.1.weight - torch.Size([256]): 
The value is the same before and after calling `init_weights` of ImageClassifier  

backbone.layer3.0.downsample.1.bias - torch.Size([256]): 
The value is the same before and after calling `init_weights` of ImageClassifier  

backbone.layer3.1.conv1.weight - torch.Size([256, 256, 3, 3]): 
KaimingInit: a=0, mode=fan_out, nonlinearity=relu, distribution =normal, bias=0 

backbone.layer3.1.bn1.weight - torch.Size([256]): 
The value is the same before and after calling `init_weights` of ImageClassifier  

backbone.layer3.1.bn1.bias - torch.Size([256]): 
The value is the same before and after calling `init_weights` of ImageClassifier  

backbone.layer3.1.conv2.weight - torch.Size([256, 256, 3, 3]): 
KaimingInit: a=0, mode=fan_out, nonlinearity=relu, distribution =normal, bias=0 

backbone.layer3.1.bn2.weight - torch.Size([256]): 
Initialized by user-defined `init_weights` in ResNet  

backbone.layer3.1.bn2.bias - torch.Size([256]): 
The value is the same before and after calling `init_weights` of ImageClassifier  

backbone.layer4.0.conv1.weight - torch.Size([512, 256, 3, 3]): 
KaimingInit: a=0, mode=fan_out, nonlinearity=relu, distribution =normal, bias=0 

backbone.layer4.0.bn1.weight - torch.Size([512]): 
The value is the same before and after calling `init_weights` of ImageClassifier  

backbone.layer4.0.bn1.bias - torch.Size([512]): 
The value is the same before and after calling `init_weights` of ImageClassifier  

backbone.layer4.0.conv2.weight - torch.Size([512, 512, 3, 3]): 
KaimingInit: a=0, mode=fan_out, nonlinearity=relu, distribution =normal, bias=0 

backbone.layer4.0.bn2.weight - torch.Size([512]): 
Initialized by user-defined `init_weights` in ResNet  

backbone.layer4.0.bn2.bias - torch.Size([512]): 
The value is the same before and after calling `init_weights` of ImageClassifier  

backbone.layer4.0.downsample.0.weight - torch.Size([512, 256, 1, 1]): 
KaimingInit: a=0, mode=fan_out, nonlinearity=relu, distribution =normal, bias=0 

backbone.layer4.0.downsample.1.weight - torch.Size([512]): 
The value is the same before and after calling `init_weights` of ImageClassifier  

backbone.layer4.0.downsample.1.bias - torch.Size([512]): 
The value is the same before and after calling `init_weights` of ImageClassifier  

backbone.layer4.1.conv1.weight - torch.Size([512, 512, 3, 3]): 
KaimingInit: a=0, mode=fan_out, nonlinearity=relu, distribution =normal, bias=0 

backbone.layer4.1.bn1.weight - torch.Size([512]): 
The value is the same before and after calling `init_weights` of ImageClassifier  

backbone.layer4.1.bn1.bias - torch.Size([512]): 
The value is the same before and after calling `init_weights` of ImageClassifier  

backbone.layer4.1.conv2.weight - torch.Size([512, 512, 3, 3]): 
KaimingInit: a=0, mode=fan_out, nonlinearity=relu, distribution =normal, bias=0 

backbone.layer4.1.bn2.weight - torch.Size([512]): 
Initialized by user-defined `init_weights` in ResNet  

backbone.layer4.1.bn2.bias - torch.Size([512]): 
The value is the same before and after calling `init_weights` of ImageClassifier  

head.fc.weight - torch.Size([5, 512]): 
NormalInit: mean=0, std=0.01, bias=0 

head.fc.bias - torch.Size([5]): 
NormalInit: mean=0, std=0.01, bias=0 
2023-02-07 17:34:01,777 - mmcls - INFO - load checkpoint from local path: /HOME/scz0bei/run/mmclassification/checkpoints/resnet152_b16x8_cifar10_20210528-3e8e9178.pth
2023-02-07 17:34:02,292 - mmcls - WARNING - The model and loaded state dict do not match exactly

size mismatch for backbone.conv1.weight: copying a param with shape torch.Size([64, 3, 3, 3]) from checkpoint, the shape in current model is torch.Size([64, 3, 7, 7]).
size mismatch for backbone.layer1.0.conv1.weight: copying a param with shape torch.Size([64, 64, 1, 1]) from checkpoint, the shape in current model is torch.Size([64, 64, 3, 3]).
size mismatch for backbone.layer1.1.conv1.weight: copying a param with shape torch.Size([64, 256, 1, 1]) from checkpoint, the shape in current model is torch.Size([64, 64, 3, 3]).
size mismatch for backbone.layer2.0.conv1.weight: copying a param with shape torch.Size([128, 256, 1, 1]) from checkpoint, the shape in current model is torch.Size([128, 64, 3, 3]).
size mismatch for backbone.layer2.0.downsample.0.weight: copying a param with shape torch.Size([512, 256, 1, 1]) from checkpoint, the shape in current model is torch.Size([128, 64, 1, 1]).
size mismatch for backbone.layer2.0.downsample.1.weight: copying a param with shape torch.Size([512]) from checkpoint, the shape in current model is torch.Size([128]).
size mismatch for backbone.layer2.0.downsample.1.bias: copying a param with shape torch.Size([512]) from checkpoint, the shape in current model is torch.Size([128]).
size mismatch for backbone.layer2.0.downsample.1.running_mean: copying a param with shape torch.Size([512]) from checkpoint, the shape in current model is torch.Size([128]).
size mismatch for backbone.layer2.0.downsample.1.running_var: copying a param with shape torch.Size([512]) from checkpoint, the shape in current model is torch.Size([128]).
size mismatch for backbone.layer2.1.conv1.weight: copying a param with shape torch.Size([128, 512, 1, 1]) from checkpoint, the shape in current model is torch.Size([128, 128, 3, 3]).
size mismatch for backbone.layer3.0.conv1.weight: copying a param with shape torch.Size([256, 512, 1, 1]) from checkpoint, the shape in current model is torch.Size([256, 128, 3, 3]).
size mismatch for backbone.layer3.0.downsample.0.weight: copying a param with shape torch.Size([1024, 512, 1, 1]) from checkpoint, the shape in current model is torch.Size([256, 128, 1, 1]).
size mismatch for backbone.layer3.0.downsample.1.weight: copying a param with shape torch.Size([1024]) from checkpoint, the shape in current model is torch.Size([256]).
size mismatch for backbone.layer3.0.downsample.1.bias: copying a param with shape torch.Size([1024]) from checkpoint, the shape in current model is torch.Size([256]).
size mismatch for backbone.layer3.0.downsample.1.running_mean: copying a param with shape torch.Size([1024]) from checkpoint, the shape in current model is torch.Size([256]).
size mismatch for backbone.layer3.0.downsample.1.running_var: copying a param with shape torch.Size([1024]) from checkpoint, the shape in current model is torch.Size([256]).
size mismatch for backbone.layer3.1.conv1.weight: copying a param with shape torch.Size([256, 1024, 1, 1]) from checkpoint, the shape in current model is torch.Size([256, 256, 3, 3]).
size mismatch for backbone.layer4.0.conv1.weight: copying a param with shape torch.Size([512, 1024, 1, 1]) from checkpoint, the shape in current model is torch.Size([512, 256, 3, 3]).
size mismatch for backbone.layer4.0.downsample.0.weight: copying a param with shape torch.Size([2048, 1024, 1, 1]) from checkpoint, the shape in current model is torch.Size([512, 256, 1, 1]).
size mismatch for backbone.layer4.0.downsample.1.weight: copying a param with shape torch.Size([2048]) from checkpoint, the shape in current model is torch.Size([512]).
size mismatch for backbone.layer4.0.downsample.1.bias: copying a param with shape torch.Size([2048]) from checkpoint, the shape in current model is torch.Size([512]).
size mismatch for backbone.layer4.0.downsample.1.running_mean: copying a param with shape torch.Size([2048]) from checkpoint, the shape in current model is torch.Size([512]).
size mismatch for backbone.layer4.0.downsample.1.running_var: copying a param with shape torch.Size([2048]) from checkpoint, the shape in current model is torch.Size([512]).
size mismatch for backbone.layer4.1.conv1.weight: copying a param with shape torch.Size([512, 2048, 1, 1]) from checkpoint, the shape in current model is torch.Size([512, 512, 3, 3]).
size mismatch for head.fc.weight: copying a param with shape torch.Size([10, 2048]) from checkpoint, the shape in current model is torch.Size([5, 512]).
size mismatch for head.fc.bias: copying a param with shape torch.Size([10]) from checkpoint, the shape in current model is torch.Size([5]).
unexpected key in source state_dict: backbone.layer1.2.conv1.weight, backbone.layer1.2.bn1.weight, backbone.layer1.2.bn1.bias, backbone.layer1.2.bn1.running_mean, backbone.layer1.2.bn1.running_var, backbone.layer1.2.bn1.num_batches_tracked, backbone.layer1.2.conv2.weight, backbone.layer1.2.bn2.weight, backbone.layer1.2.bn2.bias, backbone.layer1.2.bn2.running_mean, backbone.layer1.2.bn2.running_var, backbone.layer1.2.bn2.num_batches_tracked, backbone.layer1.2.conv3.weight, backbone.layer1.2.bn3.weight, backbone.layer1.2.bn3.bias, backbone.layer1.2.bn3.running_mean, backbone.layer1.2.bn3.running_var, backbone.layer1.2.bn3.num_batches_tracked, backbone.layer1.0.conv3.weight, backbone.layer1.0.bn3.weight, backbone.layer1.0.bn3.bias, backbone.layer1.0.bn3.running_mean, backbone.layer1.0.bn3.running_var, backbone.layer1.0.bn3.num_batches_tracked, backbone.layer1.0.downsample.0.weight, backbone.layer1.0.downsample.1.weight, backbone.layer1.0.downsample.1.bias, backbone.layer1.0.downsample.1.running_mean, backbone.layer1.0.downsample.1.running_var, backbone.layer1.0.downsample.1.num_batches_tracked, backbone.layer1.1.conv3.weight, backbone.layer1.1.bn3.weight, backbone.layer1.1.bn3.bias, backbone.layer1.1.bn3.running_mean, backbone.layer1.1.bn3.running_var, backbone.layer1.1.bn3.num_batches_tracked, backbone.layer2.2.conv1.weight, backbone.layer2.2.bn1.weight, backbone.layer2.2.bn1.bias, backbone.layer2.2.bn1.running_mean, backbone.layer2.2.bn1.running_var, backbone.layer2.2.bn1.num_batches_tracked, backbone.layer2.2.conv2.weight, backbone.layer2.2.bn2.weight, backbone.layer2.2.bn2.bias, backbone.layer2.2.bn2.running_mean, backbone.layer2.2.bn2.running_var, backbone.layer2.2.bn2.num_batches_tracked, backbone.layer2.2.conv3.weight, backbone.layer2.2.bn3.weight, backbone.layer2.2.bn3.bias, backbone.layer2.2.bn3.running_mean, backbone.layer2.2.bn3.running_var, backbone.layer2.2.bn3.num_batches_tracked, backbone.layer2.3.conv1.weight, backbone.layer2.3.bn1.weight, backbone.layer2.3.bn1.bias, backbone.layer2.3.bn1.running_mean, backbone.layer2.3.bn1.running_var, backbone.layer2.3.bn1.num_batches_tracked, backbone.layer2.3.conv2.weight, backbone.layer2.3.bn2.weight, backbone.layer2.3.bn2.bias, backbone.layer2.3.bn2.running_mean, backbone.layer2.3.bn2.running_var, backbone.layer2.3.bn2.num_batches_tracked, backbone.layer2.3.conv3.weight, backbone.layer2.3.bn3.weight, backbone.layer2.3.bn3.bias, backbone.layer2.3.bn3.running_mean, backbone.layer2.3.bn3.running_var, backbone.layer2.3.bn3.num_batches_tracked, backbone.layer2.4.conv1.weight, backbone.layer2.4.bn1.weight, backbone.layer2.4.bn1.bias, backbone.layer2.4.bn1.running_mean, backbone.layer2.4.bn1.running_var, backbone.layer2.4.bn1.num_batches_tracked, backbone.layer2.4.conv2.weight, backbone.layer2.4.bn2.weight, backbone.layer2.4.bn2.bias, backbone.layer2.4.bn2.running_mean, backbone.layer2.4.bn2.running_var, backbone.layer2.4.bn2.num_batches_tracked, backbone.layer2.4.conv3.weight, backbone.layer2.4.bn3.weight, backbone.layer2.4.bn3.bias, backbone.layer2.4.bn3.running_mean, backbone.layer2.4.bn3.running_var, backbone.layer2.4.bn3.num_batches_tracked, backbone.layer2.5.conv1.weight, backbone.layer2.5.bn1.weight, backbone.layer2.5.bn1.bias, backbone.layer2.5.bn1.running_mean, backbone.layer2.5.bn1.running_var, backbone.layer2.5.bn1.num_batches_tracked, backbone.layer2.5.conv2.weight, backbone.layer2.5.bn2.weight, backbone.layer2.5.bn2.bias, backbone.layer2.5.bn2.running_mean, backbone.layer2.5.bn2.running_var, backbone.layer2.5.bn2.num_batches_tracked, backbone.layer2.5.conv3.weight, backbone.layer2.5.bn3.weight, backbone.layer2.5.bn3.bias, backbone.layer2.5.bn3.running_mean, backbone.layer2.5.bn3.running_var, backbone.layer2.5.bn3.num_batches_tracked, backbone.layer2.6.conv1.weight, backbone.layer2.6.bn1.weight, backbone.layer2.6.bn1.bias, backbone.layer2.6.bn1.running_mean, backbone.layer2.6.bn1.running_var, backbone.layer2.6.bn1.num_batches_tracked, backbone.layer2.6.conv2.weight, backbone.layer2.6.bn2.weight, backbone.layer2.6.bn2.bias, backbone.layer2.6.bn2.running_mean, backbone.layer2.6.bn2.running_var, backbone.layer2.6.bn2.num_batches_tracked, backbone.layer2.6.conv3.weight, backbone.layer2.6.bn3.weight, backbone.layer2.6.bn3.bias, backbone.layer2.6.bn3.running_mean, backbone.layer2.6.bn3.running_var, backbone.layer2.6.bn3.num_batches_tracked, backbone.layer2.7.conv1.weight, backbone.layer2.7.bn1.weight, backbone.layer2.7.bn1.bias, backbone.layer2.7.bn1.running_mean, backbone.layer2.7.bn1.running_var, backbone.layer2.7.bn1.num_batches_tracked, backbone.layer2.7.conv2.weight, backbone.layer2.7.bn2.weight, backbone.layer2.7.bn2.bias, backbone.layer2.7.bn2.running_mean, backbone.layer2.7.bn2.running_var, backbone.layer2.7.bn2.num_batches_tracked, backbone.layer2.7.conv3.weight, backbone.layer2.7.bn3.weight, backbone.layer2.7.bn3.bias, backbone.layer2.7.bn3.running_mean, backbone.layer2.7.bn3.running_var, backbone.layer2.7.bn3.num_batches_tracked, backbone.layer2.0.conv3.weight, backbone.layer2.0.bn3.weight, backbone.layer2.0.bn3.bias, backbone.layer2.0.bn3.running_mean, backbone.layer2.0.bn3.running_var, backbone.layer2.0.bn3.num_batches_tracked, backbone.layer2.1.conv3.weight, backbone.layer2.1.bn3.weight, backbone.layer2.1.bn3.bias, backbone.layer2.1.bn3.running_mean, backbone.layer2.1.bn3.running_var, backbone.layer2.1.bn3.num_batches_tracked, backbone.layer3.2.conv1.weight, backbone.layer3.2.bn1.weight, backbone.layer3.2.bn1.bias, backbone.layer3.2.bn1.running_mean, backbone.layer3.2.bn1.running_var, backbone.layer3.2.bn1.num_batches_tracked, backbone.layer3.2.conv2.weight, backbone.layer3.2.bn2.weight, backbone.layer3.2.bn2.bias, backbone.layer3.2.bn2.running_mean, backbone.layer3.2.bn2.running_var, backbone.layer3.2.bn2.num_batches_tracked, backbone.layer3.2.conv3.weight, backbone.layer3.2.bn3.weight, backbone.layer3.2.bn3.bias, backbone.layer3.2.bn3.running_mean, backbone.layer3.2.bn3.running_var, backbone.layer3.2.bn3.num_batches_tracked, backbone.layer3.3.conv1.weight, backbone.layer3.3.bn1.weight, backbone.layer3.3.bn1.bias, backbone.layer3.3.bn1.running_mean, backbone.layer3.3.bn1.running_var, backbone.layer3.3.bn1.num_batches_tracked, backbone.layer3.3.conv2.weight, backbone.layer3.3.bn2.weight, backbone.layer3.3.bn2.bias, backbone.layer3.3.bn2.running_mean, backbone.layer3.3.bn2.running_var, backbone.layer3.3.bn2.num_batches_tracked, backbone.layer3.3.conv3.weight, backbone.layer3.3.bn3.weight, backbone.layer3.3.bn3.bias, backbone.layer3.3.bn3.running_mean, backbone.layer3.3.bn3.running_var, backbone.layer3.3.bn3.num_batches_tracked, backbone.layer3.4.conv1.weight, backbone.layer3.4.bn1.weight, backbone.layer3.4.bn1.bias, backbone.layer3.4.bn1.running_mean, backbone.layer3.4.bn1.running_var, backbone.layer3.4.bn1.num_batches_tracked, backbone.layer3.4.conv2.weight, backbone.layer3.4.bn2.weight, backbone.layer3.4.bn2.bias, backbone.layer3.4.bn2.running_mean, backbone.layer3.4.bn2.running_var, backbone.layer3.4.bn2.num_batches_tracked, backbone.layer3.4.conv3.weight, backbone.layer3.4.bn3.weight, backbone.layer3.4.bn3.bias, backbone.layer3.4.bn3.running_mean, backbone.layer3.4.bn3.running_var, backbone.layer3.4.bn3.num_batches_tracked, backbone.layer3.5.conv1.weight, backbone.layer3.5.bn1.weight, backbone.layer3.5.bn1.bias, backbone.layer3.5.bn1.running_mean, backbone.layer3.5.bn1.running_var, backbone.layer3.5.bn1.num_batches_tracked, backbone.layer3.5.conv2.weight, backbone.layer3.5.bn2.weight, backbone.layer3.5.bn2.bias, backbone.layer3.5.bn2.running_mean, backbone.layer3.5.bn2.running_var, backbone.layer3.5.bn2.num_batches_tracked, backbone.layer3.5.conv3.weight, backbone.layer3.5.bn3.weight, backbone.layer3.5.bn3.bias, backbone.layer3.5.bn3.running_mean, backbone.layer3.5.bn3.running_var, backbone.layer3.5.bn3.num_batches_tracked, backbone.layer3.6.conv1.weight, backbone.layer3.6.bn1.weight, backbone.layer3.6.bn1.bias, backbone.layer3.6.bn1.running_mean, backbone.layer3.6.bn1.running_var, backbone.layer3.6.bn1.num_batches_tracked, backbone.layer3.6.conv2.weight, backbone.layer3.6.bn2.weight, backbone.layer3.6.bn2.bias, backbone.layer3.6.bn2.running_mean, backbone.layer3.6.bn2.running_var, backbone.layer3.6.bn2.num_batches_tracked, backbone.layer3.6.conv3.weight, backbone.layer3.6.bn3.weight, backbone.layer3.6.bn3.bias, backbone.layer3.6.bn3.running_mean, backbone.layer3.6.bn3.running_var, backbone.layer3.6.bn3.num_batches_tracked, backbone.layer3.7.conv1.weight, backbone.layer3.7.bn1.weight, backbone.layer3.7.bn1.bias, backbone.layer3.7.bn1.running_mean, backbone.layer3.7.bn1.running_var, backbone.layer3.7.bn1.num_batches_tracked, backbone.layer3.7.conv2.weight, backbone.layer3.7.bn2.weight, backbone.layer3.7.bn2.bias, backbone.layer3.7.bn2.running_mean, backbone.layer3.7.bn2.running_var, backbone.layer3.7.bn2.num_batches_tracked, backbone.layer3.7.conv3.weight, backbone.layer3.7.bn3.weight, backbone.layer3.7.bn3.bias, backbone.layer3.7.bn3.running_mean, backbone.layer3.7.bn3.running_var, backbone.layer3.7.bn3.num_batches_tracked, backbone.layer3.8.conv1.weight, backbone.layer3.8.bn1.weight, backbone.layer3.8.bn1.bias, backbone.layer3.8.bn1.running_mean, backbone.layer3.8.bn1.running_var, backbone.layer3.8.bn1.num_batches_tracked, backbone.layer3.8.conv2.weight, backbone.layer3.8.bn2.weight, backbone.layer3.8.bn2.bias, backbone.layer3.8.bn2.running_mean, backbone.layer3.8.bn2.running_var, backbone.layer3.8.bn2.num_batches_tracked, backbone.layer3.8.conv3.weight, backbone.layer3.8.bn3.weight, backbone.layer3.8.bn3.bias, backbone.layer3.8.bn3.running_mean, backbone.layer3.8.bn3.running_var, backbone.layer3.8.bn3.num_batches_tracked, backbone.layer3.9.conv1.weight, backbone.layer3.9.bn1.weight, backbone.layer3.9.bn1.bias, backbone.layer3.9.bn1.running_mean, backbone.layer3.9.bn1.running_var, backbone.layer3.9.bn1.num_batches_tracked, backbone.layer3.9.conv2.weight, backbone.layer3.9.bn2.weight, backbone.layer3.9.bn2.bias, backbone.layer3.9.bn2.running_mean, backbone.layer3.9.bn2.running_var, backbone.layer3.9.bn2.num_batches_tracked, backbone.layer3.9.conv3.weight, backbone.layer3.9.bn3.weight, backbone.layer3.9.bn3.bias, backbone.layer3.9.bn3.running_mean, backbone.layer3.9.bn3.running_var, backbone.layer3.9.bn3.num_batches_tracked, backbone.layer3.10.conv1.weight, backbone.layer3.10.bn1.weight, backbone.layer3.10.bn1.bias, backbone.layer3.10.bn1.running_mean, backbone.layer3.10.bn1.running_var, backbone.layer3.10.bn1.num_batches_tracked, backbone.layer3.10.conv2.weight, backbone.layer3.10.bn2.weight, backbone.layer3.10.bn2.bias, backbone.layer3.10.bn2.running_mean, backbone.layer3.10.bn2.running_var, backbone.layer3.10.bn2.num_batches_tracked, backbone.layer3.10.conv3.weight, backbone.layer3.10.bn3.weight, backbone.layer3.10.bn3.bias, backbone.layer3.10.bn3.running_mean, backbone.layer3.10.bn3.running_var, backbone.layer3.10.bn3.num_batches_tracked, backbone.layer3.11.conv1.weight, backbone.layer3.11.bn1.weight, backbone.layer3.11.bn1.bias, backbone.layer3.11.bn1.running_mean, backbone.layer3.11.bn1.running_var, backbone.layer3.11.bn1.num_batches_tracked, backbone.layer3.11.conv2.weight, backbone.layer3.11.bn2.weight, backbone.layer3.11.bn2.bias, backbone.layer3.11.bn2.running_mean, backbone.layer3.11.bn2.running_var, backbone.layer3.11.bn2.num_batches_tracked, backbone.layer3.11.conv3.weight, backbone.layer3.11.bn3.weight, backbone.layer3.11.bn3.bias, backbone.layer3.11.bn3.running_mean, backbone.layer3.11.bn3.running_var, backbone.layer3.11.bn3.num_batches_tracked, backbone.layer3.12.conv1.weight, backbone.layer3.12.bn1.weight, backbone.layer3.12.bn1.bias, backbone.layer3.12.bn1.running_mean, backbone.layer3.12.bn1.running_var, backbone.layer3.12.bn1.num_batches_tracked, backbone.layer3.12.conv2.weight, backbone.layer3.12.bn2.weight, backbone.layer3.12.bn2.bias, backbone.layer3.12.bn2.running_mean, backbone.layer3.12.bn2.running_var, backbone.layer3.12.bn2.num_batches_tracked, backbone.layer3.12.conv3.weight, backbone.layer3.12.bn3.weight, backbone.layer3.12.bn3.bias, backbone.layer3.12.bn3.running_mean, backbone.layer3.12.bn3.running_var, backbone.layer3.12.bn3.num_batches_tracked, backbone.layer3.13.conv1.weight, backbone.layer3.13.bn1.weight, backbone.layer3.13.bn1.bias, backbone.layer3.13.bn1.running_mean, backbone.layer3.13.bn1.running_var, backbone.layer3.13.bn1.num_batches_tracked, backbone.layer3.13.conv2.weight, backbone.layer3.13.bn2.weight, backbone.layer3.13.bn2.bias, backbone.layer3.13.bn2.running_mean, backbone.layer3.13.bn2.running_var, backbone.layer3.13.bn2.num_batches_tracked, backbone.layer3.13.conv3.weight, backbone.layer3.13.bn3.weight, backbone.layer3.13.bn3.bias, backbone.layer3.13.bn3.running_mean, backbone.layer3.13.bn3.running_var, backbone.layer3.13.bn3.num_batches_tracked, backbone.layer3.14.conv1.weight, backbone.layer3.14.bn1.weight, backbone.layer3.14.bn1.bias, backbone.layer3.14.bn1.running_mean, backbone.layer3.14.bn1.running_var, backbone.layer3.14.bn1.num_batches_tracked, backbone.layer3.14.conv2.weight, backbone.layer3.14.bn2.weight, backbone.layer3.14.bn2.bias, backbone.layer3.14.bn2.running_mean, backbone.layer3.14.bn2.running_var, backbone.layer3.14.bn2.num_batches_tracked, backbone.layer3.14.conv3.weight, backbone.layer3.14.bn3.weight, backbone.layer3.14.bn3.bias, backbone.layer3.14.bn3.running_mean, backbone.layer3.14.bn3.running_var, backbone.layer3.14.bn3.num_batches_tracked, backbone.layer3.15.conv1.weight, backbone.layer3.15.bn1.weight, backbone.layer3.15.bn1.bias, backbone.layer3.15.bn1.running_mean, backbone.layer3.15.bn1.running_var, backbone.layer3.15.bn1.num_batches_tracked, backbone.layer3.15.conv2.weight, backbone.layer3.15.bn2.weight, backbone.layer3.15.bn2.bias, backbone.layer3.15.bn2.running_mean, backbone.layer3.15.bn2.running_var, backbone.layer3.15.bn2.num_batches_tracked, backbone.layer3.15.conv3.weight, backbone.layer3.15.bn3.weight, backbone.layer3.15.bn3.bias, backbone.layer3.15.bn3.running_mean, backbone.layer3.15.bn3.running_var, backbone.layer3.15.bn3.num_batches_tracked, backbone.layer3.16.conv1.weight, backbone.layer3.16.bn1.weight, backbone.layer3.16.bn1.bias, backbone.layer3.16.bn1.running_mean, backbone.layer3.16.bn1.running_var, backbone.layer3.16.bn1.num_batches_tracked, backbone.layer3.16.conv2.weight, backbone.layer3.16.bn2.weight, backbone.layer3.16.bn2.bias, backbone.layer3.16.bn2.running_mean, backbone.layer3.16.bn2.running_var, backbone.layer3.16.bn2.num_batches_tracked, backbone.layer3.16.conv3.weight, backbone.layer3.16.bn3.weight, backbone.layer3.16.bn3.bias, backbone.layer3.16.bn3.running_mean, backbone.layer3.16.bn3.running_var, backbone.layer3.16.bn3.num_batches_tracked, backbone.layer3.17.conv1.weight, backbone.layer3.17.bn1.weight, backbone.layer3.17.bn1.bias, backbone.layer3.17.bn1.running_mean, backbone.layer3.17.bn1.running_var, backbone.layer3.17.bn1.num_batches_tracked, backbone.layer3.17.conv2.weight, backbone.layer3.17.bn2.weight, backbone.layer3.17.bn2.bias, backbone.layer3.17.bn2.running_mean, backbone.layer3.17.bn2.running_var, backbone.layer3.17.bn2.num_batches_tracked, backbone.layer3.17.conv3.weight, backbone.layer3.17.bn3.weight, backbone.layer3.17.bn3.bias, backbone.layer3.17.bn3.running_mean, backbone.layer3.17.bn3.running_var, backbone.layer3.17.bn3.num_batches_tracked, backbone.layer3.18.conv1.weight, backbone.layer3.18.bn1.weight, backbone.layer3.18.bn1.bias, backbone.layer3.18.bn1.running_mean, backbone.layer3.18.bn1.running_var, backbone.layer3.18.bn1.num_batches_tracked, backbone.layer3.18.conv2.weight, backbone.layer3.18.bn2.weight, backbone.layer3.18.bn2.bias, backbone.layer3.18.bn2.running_mean, backbone.layer3.18.bn2.running_var, backbone.layer3.18.bn2.num_batches_tracked, backbone.layer3.18.conv3.weight, backbone.layer3.18.bn3.weight, backbone.layer3.18.bn3.bias, backbone.layer3.18.bn3.running_mean, backbone.layer3.18.bn3.running_var, backbone.layer3.18.bn3.num_batches_tracked, backbone.layer3.19.conv1.weight, backbone.layer3.19.bn1.weight, backbone.layer3.19.bn1.bias, backbone.layer3.19.bn1.running_mean, backbone.layer3.19.bn1.running_var, backbone.layer3.19.bn1.num_batches_tracked, backbone.layer3.19.conv2.weight, backbone.layer3.19.bn2.weight, backbone.layer3.19.bn2.bias, backbone.layer3.19.bn2.running_mean, backbone.layer3.19.bn2.running_var, backbone.layer3.19.bn2.num_batches_tracked, backbone.layer3.19.conv3.weight, backbone.layer3.19.bn3.weight, backbone.layer3.19.bn3.bias, backbone.layer3.19.bn3.running_mean, backbone.layer3.19.bn3.running_var, backbone.layer3.19.bn3.num_batches_tracked, backbone.layer3.20.conv1.weight, backbone.layer3.20.bn1.weight, backbone.layer3.20.bn1.bias, backbone.layer3.20.bn1.running_mean, backbone.layer3.20.bn1.running_var, backbone.layer3.20.bn1.num_batches_tracked, backbone.layer3.20.conv2.weight, backbone.layer3.20.bn2.weight, backbone.layer3.20.bn2.bias, backbone.layer3.20.bn2.running_mean, backbone.layer3.20.bn2.running_var, backbone.layer3.20.bn2.num_batches_tracked, backbone.layer3.20.conv3.weight, backbone.layer3.20.bn3.weight, backbone.layer3.20.bn3.bias, backbone.layer3.20.bn3.running_mean, backbone.layer3.20.bn3.running_var, backbone.layer3.20.bn3.num_batches_tracked, backbone.layer3.21.conv1.weight, backbone.layer3.21.bn1.weight, backbone.layer3.21.bn1.bias, backbone.layer3.21.bn1.running_mean, backbone.layer3.21.bn1.running_var, backbone.layer3.21.bn1.num_batches_tracked, backbone.layer3.21.conv2.weight, backbone.layer3.21.bn2.weight, backbone.layer3.21.bn2.bias, backbone.layer3.21.bn2.running_mean, backbone.layer3.21.bn2.running_var, backbone.layer3.21.bn2.num_batches_tracked, backbone.layer3.21.conv3.weight, backbone.layer3.21.bn3.weight, backbone.layer3.21.bn3.bias, backbone.layer3.21.bn3.running_mean, backbone.layer3.21.bn3.running_var, backbone.layer3.21.bn3.num_batches_tracked, backbone.layer3.22.conv1.weight, backbone.layer3.22.bn1.weight, backbone.layer3.22.bn1.bias, backbone.layer3.22.bn1.running_mean, backbone.layer3.22.bn1.running_var, backbone.layer3.22.bn1.num_batches_tracked, backbone.layer3.22.conv2.weight, backbone.layer3.22.bn2.weight, backbone.layer3.22.bn2.bias, backbone.layer3.22.bn2.running_mean, backbone.layer3.22.bn2.running_var, backbone.layer3.22.bn2.num_batches_tracked, backbone.layer3.22.conv3.weight, backbone.layer3.22.bn3.weight, backbone.layer3.22.bn3.bias, backbone.layer3.22.bn3.running_mean, backbone.layer3.22.bn3.running_var, backbone.layer3.22.bn3.num_batches_tracked, backbone.layer3.23.conv1.weight, backbone.layer3.23.bn1.weight, backbone.layer3.23.bn1.bias, backbone.layer3.23.bn1.running_mean, backbone.layer3.23.bn1.running_var, backbone.layer3.23.bn1.num_batches_tracked, backbone.layer3.23.conv2.weight, backbone.layer3.23.bn2.weight, backbone.layer3.23.bn2.bias, backbone.layer3.23.bn2.running_mean, backbone.layer3.23.bn2.running_var, backbone.layer3.23.bn2.num_batches_tracked, backbone.layer3.23.conv3.weight, backbone.layer3.23.bn3.weight, backbone.layer3.23.bn3.bias, backbone.layer3.23.bn3.running_mean, backbone.layer3.23.bn3.running_var, backbone.layer3.23.bn3.num_batches_tracked, backbone.layer3.24.conv1.weight, backbone.layer3.24.bn1.weight, backbone.layer3.24.bn1.bias, backbone.layer3.24.bn1.running_mean, backbone.layer3.24.bn1.running_var, backbone.layer3.24.bn1.num_batches_tracked, backbone.layer3.24.conv2.weight, backbone.layer3.24.bn2.weight, backbone.layer3.24.bn2.bias, backbone.layer3.24.bn2.running_mean, backbone.layer3.24.bn2.running_var, backbone.layer3.24.bn2.num_batches_tracked, backbone.layer3.24.conv3.weight, backbone.layer3.24.bn3.weight, backbone.layer3.24.bn3.bias, backbone.layer3.24.bn3.running_mean, backbone.layer3.24.bn3.running_var, backbone.layer3.24.bn3.num_batches_tracked, backbone.layer3.25.conv1.weight, backbone.layer3.25.bn1.weight, backbone.layer3.25.bn1.bias, backbone.layer3.25.bn1.running_mean, backbone.layer3.25.bn1.running_var, backbone.layer3.25.bn1.num_batches_tracked, backbone.layer3.25.conv2.weight, backbone.layer3.25.bn2.weight, backbone.layer3.25.bn2.bias, backbone.layer3.25.bn2.running_mean, backbone.layer3.25.bn2.running_var, backbone.layer3.25.bn2.num_batches_tracked, backbone.layer3.25.conv3.weight, backbone.layer3.25.bn3.weight, backbone.layer3.25.bn3.bias, backbone.layer3.25.bn3.running_mean, backbone.layer3.25.bn3.running_var, backbone.layer3.25.bn3.num_batches_tracked, backbone.layer3.26.conv1.weight, backbone.layer3.26.bn1.weight, backbone.layer3.26.bn1.bias, backbone.layer3.26.bn1.running_mean, backbone.layer3.26.bn1.running_var, backbone.layer3.26.bn1.num_batches_tracked, backbone.layer3.26.conv2.weight, backbone.layer3.26.bn2.weight, backbone.layer3.26.bn2.bias, backbone.layer3.26.bn2.running_mean, backbone.layer3.26.bn2.running_var, backbone.layer3.26.bn2.num_batches_tracked, backbone.layer3.26.conv3.weight, backbone.layer3.26.bn3.weight, backbone.layer3.26.bn3.bias, backbone.layer3.26.bn3.running_mean, backbone.layer3.26.bn3.running_var, backbone.layer3.26.bn3.num_batches_tracked, backbone.layer3.27.conv1.weight, backbone.layer3.27.bn1.weight, backbone.layer3.27.bn1.bias, backbone.layer3.27.bn1.running_mean, backbone.layer3.27.bn1.running_var, backbone.layer3.27.bn1.num_batches_tracked, backbone.layer3.27.conv2.weight, backbone.layer3.27.bn2.weight, backbone.layer3.27.bn2.bias, backbone.layer3.27.bn2.running_mean, backbone.layer3.27.bn2.running_var, backbone.layer3.27.bn2.num_batches_tracked, backbone.layer3.27.conv3.weight, backbone.layer3.27.bn3.weight, backbone.layer3.27.bn3.bias, backbone.layer3.27.bn3.running_mean, backbone.layer3.27.bn3.running_var, backbone.layer3.27.bn3.num_batches_tracked, backbone.layer3.28.conv1.weight, backbone.layer3.28.bn1.weight, backbone.layer3.28.bn1.bias, backbone.layer3.28.bn1.running_mean, backbone.layer3.28.bn1.running_var, backbone.layer3.28.bn1.num_batches_tracked, backbone.layer3.28.conv2.weight, backbone.layer3.28.bn2.weight, backbone.layer3.28.bn2.bias, backbone.layer3.28.bn2.running_mean, backbone.layer3.28.bn2.running_var, backbone.layer3.28.bn2.num_batches_tracked, backbone.layer3.28.conv3.weight, backbone.layer3.28.bn3.weight, backbone.layer3.28.bn3.bias, backbone.layer3.28.bn3.running_mean, backbone.layer3.28.bn3.running_var, backbone.layer3.28.bn3.num_batches_tracked, backbone.layer3.29.conv1.weight, backbone.layer3.29.bn1.weight, backbone.layer3.29.bn1.bias, backbone.layer3.29.bn1.running_mean, backbone.layer3.29.bn1.running_var, backbone.layer3.29.bn1.num_batches_tracked, backbone.layer3.29.conv2.weight, backbone.layer3.29.bn2.weight, backbone.layer3.29.bn2.bias, backbone.layer3.29.bn2.running_mean, backbone.layer3.29.bn2.running_var, backbone.layer3.29.bn2.num_batches_tracked, backbone.layer3.29.conv3.weight, backbone.layer3.29.bn3.weight, backbone.layer3.29.bn3.bias, backbone.layer3.29.bn3.running_mean, backbone.layer3.29.bn3.running_var, backbone.layer3.29.bn3.num_batches_tracked, backbone.layer3.30.conv1.weight, backbone.layer3.30.bn1.weight, backbone.layer3.30.bn1.bias, backbone.layer3.30.bn1.running_mean, backbone.layer3.30.bn1.running_var, backbone.layer3.30.bn1.num_batches_tracked, backbone.layer3.30.conv2.weight, backbone.layer3.30.bn2.weight, backbone.layer3.30.bn2.bias, backbone.layer3.30.bn2.running_mean, backbone.layer3.30.bn2.running_var, backbone.layer3.30.bn2.num_batches_tracked, backbone.layer3.30.conv3.weight, backbone.layer3.30.bn3.weight, backbone.layer3.30.bn3.bias, backbone.layer3.30.bn3.running_mean, backbone.layer3.30.bn3.running_var, backbone.layer3.30.bn3.num_batches_tracked, backbone.layer3.31.conv1.weight, backbone.layer3.31.bn1.weight, backbone.layer3.31.bn1.bias, backbone.layer3.31.bn1.running_mean, backbone.layer3.31.bn1.running_var, backbone.layer3.31.bn1.num_batches_tracked, backbone.layer3.31.conv2.weight, backbone.layer3.31.bn2.weight, backbone.layer3.31.bn2.bias, backbone.layer3.31.bn2.running_mean, backbone.layer3.31.bn2.running_var, backbone.layer3.31.bn2.num_batches_tracked, backbone.layer3.31.conv3.weight, backbone.layer3.31.bn3.weight, backbone.layer3.31.bn3.bias, backbone.layer3.31.bn3.running_mean, backbone.layer3.31.bn3.running_var, backbone.layer3.31.bn3.num_batches_tracked, backbone.layer3.32.conv1.weight, backbone.layer3.32.bn1.weight, backbone.layer3.32.bn1.bias, backbone.layer3.32.bn1.running_mean, backbone.layer3.32.bn1.running_var, backbone.layer3.32.bn1.num_batches_tracked, backbone.layer3.32.conv2.weight, backbone.layer3.32.bn2.weight, backbone.layer3.32.bn2.bias, backbone.layer3.32.bn2.running_mean, backbone.layer3.32.bn2.running_var, backbone.layer3.32.bn2.num_batches_tracked, backbone.layer3.32.conv3.weight, backbone.layer3.32.bn3.weight, backbone.layer3.32.bn3.bias, backbone.layer3.32.bn3.running_mean, backbone.layer3.32.bn3.running_var, backbone.layer3.32.bn3.num_batches_tracked, backbone.layer3.33.conv1.weight, backbone.layer3.33.bn1.weight, backbone.layer3.33.bn1.bias, backbone.layer3.33.bn1.running_mean, backbone.layer3.33.bn1.running_var, backbone.layer3.33.bn1.num_batches_tracked, backbone.layer3.33.conv2.weight, backbone.layer3.33.bn2.weight, backbone.layer3.33.bn2.bias, backbone.layer3.33.bn2.running_mean, backbone.layer3.33.bn2.running_var, backbone.layer3.33.bn2.num_batches_tracked, backbone.layer3.33.conv3.weight, backbone.layer3.33.bn3.weight, backbone.layer3.33.bn3.bias, backbone.layer3.33.bn3.running_mean, backbone.layer3.33.bn3.running_var, backbone.layer3.33.bn3.num_batches_tracked, backbone.layer3.34.conv1.weight, backbone.layer3.34.bn1.weight, backbone.layer3.34.bn1.bias, backbone.layer3.34.bn1.running_mean, backbone.layer3.34.bn1.running_var, backbone.layer3.34.bn1.num_batches_tracked, backbone.layer3.34.conv2.weight, backbone.layer3.34.bn2.weight, backbone.layer3.34.bn2.bias, backbone.layer3.34.bn2.running_mean, backbone.layer3.34.bn2.running_var, backbone.layer3.34.bn2.num_batches_tracked, backbone.layer3.34.conv3.weight, backbone.layer3.34.bn3.weight, backbone.layer3.34.bn3.bias, backbone.layer3.34.bn3.running_mean, backbone.layer3.34.bn3.running_var, backbone.layer3.34.bn3.num_batches_tracked, backbone.layer3.35.conv1.weight, backbone.layer3.35.bn1.weight, backbone.layer3.35.bn1.bias, backbone.layer3.35.bn1.running_mean, backbone.layer3.35.bn1.running_var, backbone.layer3.35.bn1.num_batches_tracked, backbone.layer3.35.conv2.weight, backbone.layer3.35.bn2.weight, backbone.layer3.35.bn2.bias, backbone.layer3.35.bn2.running_mean, backbone.layer3.35.bn2.running_var, backbone.layer3.35.bn2.num_batches_tracked, backbone.layer3.35.conv3.weight, backbone.layer3.35.bn3.weight, backbone.layer3.35.bn3.bias, backbone.layer3.35.bn3.running_mean, backbone.layer3.35.bn3.running_var, backbone.layer3.35.bn3.num_batches_tracked, backbone.layer3.0.conv3.weight, backbone.layer3.0.bn3.weight, backbone.layer3.0.bn3.bias, backbone.layer3.0.bn3.running_mean, backbone.layer3.0.bn3.running_var, backbone.layer3.0.bn3.num_batches_tracked, backbone.layer3.1.conv3.weight, backbone.layer3.1.bn3.weight, backbone.layer3.1.bn3.bias, backbone.layer3.1.bn3.running_mean, backbone.layer3.1.bn3.running_var, backbone.layer3.1.bn3.num_batches_tracked, backbone.layer4.2.conv1.weight, backbone.layer4.2.bn1.weight, backbone.layer4.2.bn1.bias, backbone.layer4.2.bn1.running_mean, backbone.layer4.2.bn1.running_var, backbone.layer4.2.bn1.num_batches_tracked, backbone.layer4.2.conv2.weight, backbone.layer4.2.bn2.weight, backbone.layer4.2.bn2.bias, backbone.layer4.2.bn2.running_mean, backbone.layer4.2.bn2.running_var, backbone.layer4.2.bn2.num_batches_tracked, backbone.layer4.2.conv3.weight, backbone.layer4.2.bn3.weight, backbone.layer4.2.bn3.bias, backbone.layer4.2.bn3.running_mean, backbone.layer4.2.bn3.running_var, backbone.layer4.2.bn3.num_batches_tracked, backbone.layer4.0.conv3.weight, backbone.layer4.0.bn3.weight, backbone.layer4.0.bn3.bias, backbone.layer4.0.bn3.running_mean, backbone.layer4.0.bn3.running_var, backbone.layer4.0.bn3.num_batches_tracked, backbone.layer4.1.conv3.weight, backbone.layer4.1.bn3.weight, backbone.layer4.1.bn3.bias, backbone.layer4.1.bn3.running_mean, backbone.layer4.1.bn3.running_var, backbone.layer4.1.bn3.num_batches_tracked

2023-02-07 17:34:02,294 - mmcls - INFO - Start running, host: scz0bei@g0098, work_dir: /data/run01/scz0bei/mmclassification/work/resnet18_b32_flower
2023-02-07 17:34:02,294 - mmcls - INFO - Hooks will be executed in the following order:
before_run:
(VERY_HIGH   ) StepLrUpdaterHook                  
(NORMAL      ) CheckpointHook                     
(LOW         ) EvalHook                           
(VERY_LOW    ) TextLoggerHook                     
 -------------------- 
before_train_epoch:
(VERY_HIGH   ) StepLrUpdaterHook                  
(LOW         ) IterTimerHook                      
(LOW         ) EvalHook                           
(VERY_LOW    ) TextLoggerHook                     
 -------------------- 
before_train_iter:
(VERY_HIGH   ) StepLrUpdaterHook                  
(LOW         ) IterTimerHook                      
(LOW         ) EvalHook                           
 -------------------- 
after_train_iter:
(ABOVE_NORMAL) OptimizerHook                      
(NORMAL      ) CheckpointHook                     
(LOW         ) IterTimerHook                      
(LOW         ) EvalHook                           
(VERY_LOW    ) TextLoggerHook                     
 -------------------- 
after_train_epoch:
(NORMAL      ) CheckpointHook                     
(LOW         ) EvalHook                           
(VERY_LOW    ) TextLoggerHook                     
 -------------------- 
before_val_epoch:
(LOW         ) IterTimerHook                      
(VERY_LOW    ) TextLoggerHook                     
 -------------------- 
before_val_iter:
(LOW         ) IterTimerHook                      
 -------------------- 
after_val_iter:
(LOW         ) IterTimerHook                      
 -------------------- 
after_val_epoch:
(VERY_LOW    ) TextLoggerHook                     
 -------------------- 
after_run:
(VERY_LOW    ) TextLoggerHook                     
 -------------------- 
2023-02-07 17:34:02,294 - mmcls - INFO - workflow: [('train', 1)], max: 100 epochs
2023-02-07 17:34:02,294 - mmcls - INFO - Checkpoints will be saved to /data/run01/scz0bei/mmclassification/work/resnet18_b32_flower by HardDiskBackend.
