2023-02-07 19:50:12,098 - mmcls - INFO - Environment info:
------------------------------------------------------------
sys.platform: linux
Python: 3.8.16 (default, Jan 17 2023, 23:13:24) [GCC 11.2.0]
CUDA available: True
GPU 0: NVIDIA GeForce RTX 3090
CUDA_HOME: /data/apps/cuda/11.1
NVCC: Cuda compilation tools, release 11.1, V11.1.74
GCC: gcc (GCC) 7.3.0
PyTorch: 1.10.1+cu111
PyTorch compiling details: PyTorch built with:
  - GCC 7.3
  - C++ Version: 201402
  - Intel(R) Math Kernel Library Version 2020.0.0 Product Build 20191122 for Intel(R) 64 architecture applications
  - Intel(R) MKL-DNN v2.2.3 (Git Hash 7336ca9f055cf1bfa13efb658fe15dc9b41f0740)
  - OpenMP 201511 (a.k.a. OpenMP 4.5)
  - LAPACK is enabled (usually provided by MKL)
  - NNPACK is enabled
  - CPU capability usage: AVX2
  - CUDA Runtime 11.1
  - NVCC architecture flags: -gencode;arch=compute_37,code=sm_37;-gencode;arch=compute_50,code=sm_50;-gencode;arch=compute_60,code=sm_60;-gencode;arch=compute_70,code=sm_70;-gencode;arch=compute_75,code=sm_75;-gencode;arch=compute_80,code=sm_80;-gencode;arch=compute_86,code=sm_86
  - CuDNN 8.0.5
  - Magma 2.5.2
  - Build settings: BLAS_INFO=mkl, BUILD_TYPE=Release, CUDA_VERSION=11.1, CUDNN_VERSION=8.0.5, CXX_COMPILER=/opt/rh/devtoolset-7/root/usr/bin/c++, CXX_FLAGS= -Wno-deprecated -fvisibility-inlines-hidden -DUSE_PTHREADPOOL -fopenmp -DNDEBUG -DUSE_KINETO -DUSE_FBGEMM -DUSE_QNNPACK -DUSE_PYTORCH_QNNPACK -DUSE_XNNPACK -DSYMBOLICATE_MOBILE_DEBUG_HANDLE -DEDGE_PROFILER_USE_KINETO -O2 -fPIC -Wno-narrowing -Wall -Wextra -Werror=return-type -Wno-missing-field-initializers -Wno-type-limits -Wno-array-bounds -Wno-unknown-pragmas -Wno-sign-compare -Wno-unused-parameter -Wno-unused-variable -Wno-unused-function -Wno-unused-result -Wno-unused-local-typedefs -Wno-strict-overflow -Wno-strict-aliasing -Wno-error=deprecated-declarations -Wno-stringop-overflow -Wno-psabi -Wno-error=pedantic -Wno-error=redundant-decls -Wno-error=old-style-cast -fdiagnostics-color=always -faligned-new -Wno-unused-but-set-variable -Wno-maybe-uninitialized -fno-math-errno -fno-trapping-math -Werror=format -Wno-stringop-overflow, LAPACK_INFO=mkl, PERF_WITH_AVX=1, PERF_WITH_AVX2=1, PERF_WITH_AVX512=1, TORCH_VERSION=1.10.1, USE_CUDA=ON, USE_CUDNN=ON, USE_EXCEPTION_PTR=1, USE_GFLAGS=OFF, USE_GLOG=OFF, USE_MKL=ON, USE_MKLDNN=ON, USE_MPI=OFF, USE_NCCL=ON, USE_NNPACK=ON, USE_OPENMP=ON, 

TorchVision: 0.11.2+cu111
OpenCV: 4.7.0
MMCV: 1.7.0
MMCV Compiler: GCC 7.3
MMCV CUDA Compiler: 11.1
MMClassification: 0.25.0+3d4f80d
------------------------------------------------------------

2023-02-07 19:50:12,099 - mmcls - INFO - Distributed training: False
2023-02-07 19:50:12,198 - mmcls - INFO - Config:
model = dict(
    type='ImageClassifier',
    backbone=dict(
        type='ResNet',
        depth=18,
        num_stages=4,
        out_indices=(3, ),
        style='pytorch'),
    neck=dict(type='GlobalAveragePooling'),
    head=dict(
        type='LinearClsHead',
        num_classes=5,
        in_channels=512,
        loss=dict(type='CrossEntropyLoss', loss_weight=1.0),
        topk=(1, )))
dataset_type = 'ImageNet'
img_norm_cfg = dict(
    mean=[123.675, 116.28, 103.53], std=[58.395, 57.12, 57.375], to_rgb=True)
train_pipeline = [
    dict(type='LoadImageFromFile'),
    dict(type='RandomResizedCrop', size=224),
    dict(type='RandomFlip', flip_prob=0.5, direction='horizontal'),
    dict(
        type='Normalize',
        mean=[123.675, 116.28, 103.53],
        std=[58.395, 57.12, 57.375],
        to_rgb=True),
    dict(type='ImageToTensor', keys=['img']),
    dict(type='ToTensor', keys=['gt_label']),
    dict(type='Collect', keys=['img', 'gt_label'])
]
test_pipeline = [
    dict(type='LoadImageFromFile'),
    dict(type='Resize', size=(256, -1)),
    dict(type='CenterCrop', crop_size=224),
    dict(
        type='Normalize',
        mean=[123.675, 116.28, 103.53],
        std=[58.395, 57.12, 57.375],
        to_rgb=True),
    dict(type='ImageToTensor', keys=['img']),
    dict(type='Collect', keys=['img'])
]
data = dict(
    samples_per_gpu=32,
    workers_per_gpu=2,
    train=dict(
        type='ImageNet',
        data_prefix='/HOME/scz0bei/run/mmclassification/data/flower/train',
        pipeline=[
            dict(type='LoadImageFromFile'),
            dict(type='RandomResizedCrop', size=224),
            dict(type='RandomFlip', flip_prob=0.5, direction='horizontal'),
            dict(
                type='Normalize',
                mean=[123.675, 116.28, 103.53],
                std=[58.395, 57.12, 57.375],
                to_rgb=True),
            dict(type='ImageToTensor', keys=['img']),
            dict(type='ToTensor', keys=['gt_label']),
            dict(type='Collect', keys=['img', 'gt_label'])
        ],
        ann_file='/HOME/scz0bei/run/mmclassification/data/flower/train.txt',
        classes='/HOME/scz0bei/run/mmclassification/data/flower/classes.txt'),
    val=dict(
        type='ImageNet',
        data_prefix='/HOME/scz0bei/run/mmclassification/data/flower/val',
        ann_file='/HOME/scz0bei/run/mmclassification/data/flower/val.txt',
        pipeline=[
            dict(type='LoadImageFromFile'),
            dict(type='Resize', size=(256, -1)),
            dict(type='CenterCrop', crop_size=224),
            dict(
                type='Normalize',
                mean=[123.675, 116.28, 103.53],
                std=[58.395, 57.12, 57.375],
                to_rgb=True),
            dict(type='ImageToTensor', keys=['img']),
            dict(type='Collect', keys=['img'])
        ],
        classes='/HOME/scz0bei/run/mmclassification/data/flower/classes.txt'),
    test=dict(
        type='ImageNet',
        data_prefix='data/imagenet/val',
        ann_file='data/imagenet/meta/val.txt',
        pipeline=[
            dict(type='LoadImageFromFile'),
            dict(type='Resize', size=(256, -1)),
            dict(type='CenterCrop', crop_size=224),
            dict(
                type='Normalize',
                mean=[123.675, 116.28, 103.53],
                std=[58.395, 57.12, 57.375],
                to_rgb=True),
            dict(type='ImageToTensor', keys=['img']),
            dict(type='Collect', keys=['img'])
        ]))
evaluation = dict(
    interval=1, metric='accuracy', metric_options=dict(topk=(1, )))
checkpoint_config = dict(interval=1)
log_config = dict(interval=100, hooks=[dict(type='TextLoggerHook')])
dist_params = dict(backend='nccl')
log_level = 'INFO'
load_from = '/HOME/scz0bei/run/mmclassification/checkpoints/resnet18_batch256_imagenet_20200708-34ab8f90.pth'
resume_from = None
workflow = [('train', 1)]
optimizer = dict(type='SGD', lr=0.001, momentum=0.9, weight_decay=0.0001)
optimizer_config = dict(grad_clip=None)
lr_config = dict(policy='step', step=[1])
runner = dict(type='EpochBasedRunner', max_epochs=100)
work_dir = 'work/resnet18_b32_flower'
gpu_ids = [0]

2023-02-07 19:50:12,201 - mmcls - INFO - Set random seed to 592759141, deterministic: False
2023-02-07 19:50:12,274 - mmcls - INFO - initialize ResNet with init_cfg [{'type': 'Kaiming', 'layer': ['Conv2d']}, {'type': 'Constant', 'val': 1, 'layer': ['_BatchNorm', 'GroupNorm']}]
2023-02-07 19:50:12,367 - mmcls - INFO - initialize LinearClsHead with init_cfg {'type': 'Normal', 'layer': 'Linear', 'std': 0.01}
Name of parameter - Initialization information

backbone.conv1.weight - torch.Size([64, 3, 7, 7]): 
KaimingInit: a=0, mode=fan_out, nonlinearity=relu, distribution =normal, bias=0 

backbone.bn1.weight - torch.Size([64]): 
The value is the same before and after calling `init_weights` of ImageClassifier  

backbone.bn1.bias - torch.Size([64]): 
The value is the same before and after calling `init_weights` of ImageClassifier  

backbone.layer1.0.conv1.weight - torch.Size([64, 64, 3, 3]): 
KaimingInit: a=0, mode=fan_out, nonlinearity=relu, distribution =normal, bias=0 

backbone.layer1.0.bn1.weight - torch.Size([64]): 
The value is the same before and after calling `init_weights` of ImageClassifier  

backbone.layer1.0.bn1.bias - torch.Size([64]): 
The value is the same before and after calling `init_weights` of ImageClassifier  

backbone.layer1.0.conv2.weight - torch.Size([64, 64, 3, 3]): 
KaimingInit: a=0, mode=fan_out, nonlinearity=relu, distribution =normal, bias=0 

backbone.layer1.0.bn2.weight - torch.Size([64]): 
Initialized by user-defined `init_weights` in ResNet  

backbone.layer1.0.bn2.bias - torch.Size([64]): 
The value is the same before and after calling `init_weights` of ImageClassifier  

backbone.layer1.1.conv1.weight - torch.Size([64, 64, 3, 3]): 
KaimingInit: a=0, mode=fan_out, nonlinearity=relu, distribution =normal, bias=0 

backbone.layer1.1.bn1.weight - torch.Size([64]): 
The value is the same before and after calling `init_weights` of ImageClassifier  

backbone.layer1.1.bn1.bias - torch.Size([64]): 
The value is the same before and after calling `init_weights` of ImageClassifier  

backbone.layer1.1.conv2.weight - torch.Size([64, 64, 3, 3]): 
KaimingInit: a=0, mode=fan_out, nonlinearity=relu, distribution =normal, bias=0 

backbone.layer1.1.bn2.weight - torch.Size([64]): 
Initialized by user-defined `init_weights` in ResNet  

backbone.layer1.1.bn2.bias - torch.Size([64]): 
The value is the same before and after calling `init_weights` of ImageClassifier  

backbone.layer2.0.conv1.weight - torch.Size([128, 64, 3, 3]): 
KaimingInit: a=0, mode=fan_out, nonlinearity=relu, distribution =normal, bias=0 

backbone.layer2.0.bn1.weight - torch.Size([128]): 
The value is the same before and after calling `init_weights` of ImageClassifier  

backbone.layer2.0.bn1.bias - torch.Size([128]): 
The value is the same before and after calling `init_weights` of ImageClassifier  

backbone.layer2.0.conv2.weight - torch.Size([128, 128, 3, 3]): 
KaimingInit: a=0, mode=fan_out, nonlinearity=relu, distribution =normal, bias=0 

backbone.layer2.0.bn2.weight - torch.Size([128]): 
Initialized by user-defined `init_weights` in ResNet  

backbone.layer2.0.bn2.bias - torch.Size([128]): 
The value is the same before and after calling `init_weights` of ImageClassifier  

backbone.layer2.0.downsample.0.weight - torch.Size([128, 64, 1, 1]): 
KaimingInit: a=0, mode=fan_out, nonlinearity=relu, distribution =normal, bias=0 

backbone.layer2.0.downsample.1.weight - torch.Size([128]): 
The value is the same before and after calling `init_weights` of ImageClassifier  

backbone.layer2.0.downsample.1.bias - torch.Size([128]): 
The value is the same before and after calling `init_weights` of ImageClassifier  

backbone.layer2.1.conv1.weight - torch.Size([128, 128, 3, 3]): 
KaimingInit: a=0, mode=fan_out, nonlinearity=relu, distribution =normal, bias=0 

backbone.layer2.1.bn1.weight - torch.Size([128]): 
The value is the same before and after calling `init_weights` of ImageClassifier  

backbone.layer2.1.bn1.bias - torch.Size([128]): 
The value is the same before and after calling `init_weights` of ImageClassifier  

backbone.layer2.1.conv2.weight - torch.Size([128, 128, 3, 3]): 
KaimingInit: a=0, mode=fan_out, nonlinearity=relu, distribution =normal, bias=0 

backbone.layer2.1.bn2.weight - torch.Size([128]): 
Initialized by user-defined `init_weights` in ResNet  

backbone.layer2.1.bn2.bias - torch.Size([128]): 
The value is the same before and after calling `init_weights` of ImageClassifier  

backbone.layer3.0.conv1.weight - torch.Size([256, 128, 3, 3]): 
KaimingInit: a=0, mode=fan_out, nonlinearity=relu, distribution =normal, bias=0 

backbone.layer3.0.bn1.weight - torch.Size([256]): 
The value is the same before and after calling `init_weights` of ImageClassifier  

backbone.layer3.0.bn1.bias - torch.Size([256]): 
The value is the same before and after calling `init_weights` of ImageClassifier  

backbone.layer3.0.conv2.weight - torch.Size([256, 256, 3, 3]): 
KaimingInit: a=0, mode=fan_out, nonlinearity=relu, distribution =normal, bias=0 

backbone.layer3.0.bn2.weight - torch.Size([256]): 
Initialized by user-defined `init_weights` in ResNet  

backbone.layer3.0.bn2.bias - torch.Size([256]): 
The value is the same before and after calling `init_weights` of ImageClassifier  

backbone.layer3.0.downsample.0.weight - torch.Size([256, 128, 1, 1]): 
KaimingInit: a=0, mode=fan_out, nonlinearity=relu, distribution =normal, bias=0 

backbone.layer3.0.downsample.1.weight - torch.Size([256]): 
The value is the same before and after calling `init_weights` of ImageClassifier  

backbone.layer3.0.downsample.1.bias - torch.Size([256]): 
The value is the same before and after calling `init_weights` of ImageClassifier  

backbone.layer3.1.conv1.weight - torch.Size([256, 256, 3, 3]): 
KaimingInit: a=0, mode=fan_out, nonlinearity=relu, distribution =normal, bias=0 

backbone.layer3.1.bn1.weight - torch.Size([256]): 
The value is the same before and after calling `init_weights` of ImageClassifier  

backbone.layer3.1.bn1.bias - torch.Size([256]): 
The value is the same before and after calling `init_weights` of ImageClassifier  

backbone.layer3.1.conv2.weight - torch.Size([256, 256, 3, 3]): 
KaimingInit: a=0, mode=fan_out, nonlinearity=relu, distribution =normal, bias=0 

backbone.layer3.1.bn2.weight - torch.Size([256]): 
Initialized by user-defined `init_weights` in ResNet  

backbone.layer3.1.bn2.bias - torch.Size([256]): 
The value is the same before and after calling `init_weights` of ImageClassifier  

backbone.layer4.0.conv1.weight - torch.Size([512, 256, 3, 3]): 
KaimingInit: a=0, mode=fan_out, nonlinearity=relu, distribution =normal, bias=0 

backbone.layer4.0.bn1.weight - torch.Size([512]): 
The value is the same before and after calling `init_weights` of ImageClassifier  

backbone.layer4.0.bn1.bias - torch.Size([512]): 
The value is the same before and after calling `init_weights` of ImageClassifier  

backbone.layer4.0.conv2.weight - torch.Size([512, 512, 3, 3]): 
KaimingInit: a=0, mode=fan_out, nonlinearity=relu, distribution =normal, bias=0 

backbone.layer4.0.bn2.weight - torch.Size([512]): 
Initialized by user-defined `init_weights` in ResNet  

backbone.layer4.0.bn2.bias - torch.Size([512]): 
The value is the same before and after calling `init_weights` of ImageClassifier  

backbone.layer4.0.downsample.0.weight - torch.Size([512, 256, 1, 1]): 
KaimingInit: a=0, mode=fan_out, nonlinearity=relu, distribution =normal, bias=0 

backbone.layer4.0.downsample.1.weight - torch.Size([512]): 
The value is the same before and after calling `init_weights` of ImageClassifier  

backbone.layer4.0.downsample.1.bias - torch.Size([512]): 
The value is the same before and after calling `init_weights` of ImageClassifier  

backbone.layer4.1.conv1.weight - torch.Size([512, 512, 3, 3]): 
KaimingInit: a=0, mode=fan_out, nonlinearity=relu, distribution =normal, bias=0 

backbone.layer4.1.bn1.weight - torch.Size([512]): 
The value is the same before and after calling `init_weights` of ImageClassifier  

backbone.layer4.1.bn1.bias - torch.Size([512]): 
The value is the same before and after calling `init_weights` of ImageClassifier  

backbone.layer4.1.conv2.weight - torch.Size([512, 512, 3, 3]): 
KaimingInit: a=0, mode=fan_out, nonlinearity=relu, distribution =normal, bias=0 

backbone.layer4.1.bn2.weight - torch.Size([512]): 
Initialized by user-defined `init_weights` in ResNet  

backbone.layer4.1.bn2.bias - torch.Size([512]): 
The value is the same before and after calling `init_weights` of ImageClassifier  

head.fc.weight - torch.Size([5, 512]): 
NormalInit: mean=0, std=0.01, bias=0 

head.fc.bias - torch.Size([5]): 
NormalInit: mean=0, std=0.01, bias=0 
2023-02-07 19:50:17,288 - mmcls - INFO - load checkpoint from local path: /HOME/scz0bei/run/mmclassification/checkpoints/resnet18_batch256_imagenet_20200708-34ab8f90.pth
2023-02-07 19:50:17,362 - mmcls - WARNING - The model and loaded state dict do not match exactly

size mismatch for head.fc.weight: copying a param with shape torch.Size([1000, 512]) from checkpoint, the shape in current model is torch.Size([5, 512]).
size mismatch for head.fc.bias: copying a param with shape torch.Size([1000]) from checkpoint, the shape in current model is torch.Size([5]).
2023-02-07 19:50:17,362 - mmcls - INFO - Start running, host: scz0bei@g0023, work_dir: /data/run01/scz0bei/mmclassification/work/resnet18_b32_flower
2023-02-07 19:50:17,363 - mmcls - INFO - Hooks will be executed in the following order:
before_run:
(VERY_HIGH   ) StepLrUpdaterHook                  
(NORMAL      ) CheckpointHook                     
(LOW         ) EvalHook                           
(VERY_LOW    ) TextLoggerHook                     
 -------------------- 
before_train_epoch:
(VERY_HIGH   ) StepLrUpdaterHook                  
(LOW         ) IterTimerHook                      
(LOW         ) EvalHook                           
(VERY_LOW    ) TextLoggerHook                     
 -------------------- 
before_train_iter:
(VERY_HIGH   ) StepLrUpdaterHook                  
(LOW         ) IterTimerHook                      
(LOW         ) EvalHook                           
 -------------------- 
after_train_iter:
(ABOVE_NORMAL) OptimizerHook                      
(NORMAL      ) CheckpointHook                     
(LOW         ) IterTimerHook                      
(LOW         ) EvalHook                           
(VERY_LOW    ) TextLoggerHook                     
 -------------------- 
after_train_epoch:
(NORMAL      ) CheckpointHook                     
(LOW         ) EvalHook                           
(VERY_LOW    ) TextLoggerHook                     
 -------------------- 
before_val_epoch:
(LOW         ) IterTimerHook                      
(VERY_LOW    ) TextLoggerHook                     
 -------------------- 
before_val_iter:
(LOW         ) IterTimerHook                      
 -------------------- 
after_val_iter:
(LOW         ) IterTimerHook                      
 -------------------- 
after_val_epoch:
(VERY_LOW    ) TextLoggerHook                     
 -------------------- 
after_run:
(VERY_LOW    ) TextLoggerHook                     
 -------------------- 
2023-02-07 19:50:17,363 - mmcls - INFO - workflow: [('train', 1)], max: 100 epochs
2023-02-07 19:50:17,363 - mmcls - INFO - Checkpoints will be saved to /data/run01/scz0bei/mmclassification/work/resnet18_b32_flower by HardDiskBackend.
2023-02-07 19:50:27,214 - mmcls - INFO - Saving checkpoint at 1 epochs
2023-02-07 19:50:28,583 - mmcls - INFO - Epoch(val) [1][18]	accuracy_top-1: 92.1329
2023-02-07 19:50:34,002 - mmcls - INFO - Saving checkpoint at 2 epochs
2023-02-07 19:50:34,978 - mmcls - INFO - Epoch(val) [2][18]	accuracy_top-1: 93.3566
2023-02-07 19:50:40,380 - mmcls - INFO - Saving checkpoint at 3 epochs
2023-02-07 19:50:41,346 - mmcls - INFO - Epoch(val) [3][18]	accuracy_top-1: 93.3566
2023-02-07 19:50:46,725 - mmcls - INFO - Saving checkpoint at 4 epochs
2023-02-07 19:50:47,682 - mmcls - INFO - Epoch(val) [4][18]	accuracy_top-1: 94.2308
2023-02-07 19:50:53,109 - mmcls - INFO - Saving checkpoint at 5 epochs
2023-02-07 19:50:54,071 - mmcls - INFO - Epoch(val) [5][18]	accuracy_top-1: 93.7063
2023-02-07 19:50:59,468 - mmcls - INFO - Saving checkpoint at 6 epochs
2023-02-07 19:51:00,426 - mmcls - INFO - Epoch(val) [6][18]	accuracy_top-1: 93.3566
2023-02-07 19:51:05,818 - mmcls - INFO - Saving checkpoint at 7 epochs
2023-02-07 19:51:06,806 - mmcls - INFO - Epoch(val) [7][18]	accuracy_top-1: 93.8811
2023-02-07 19:51:12,246 - mmcls - INFO - Saving checkpoint at 8 epochs
2023-02-07 19:51:13,215 - mmcls - INFO - Epoch(val) [8][18]	accuracy_top-1: 93.5315
2023-02-07 19:51:18,648 - mmcls - INFO - Saving checkpoint at 9 epochs
2023-02-07 19:51:19,607 - mmcls - INFO - Epoch(val) [9][18]	accuracy_top-1: 94.0559
2023-02-07 19:51:25,019 - mmcls - INFO - Saving checkpoint at 10 epochs
2023-02-07 19:51:25,968 - mmcls - INFO - Epoch(val) [10][18]	accuracy_top-1: 93.7063
2023-02-07 19:51:31,415 - mmcls - INFO - Saving checkpoint at 11 epochs
2023-02-07 19:51:32,375 - mmcls - INFO - Epoch(val) [11][18]	accuracy_top-1: 93.8811
2023-02-07 19:51:37,818 - mmcls - INFO - Saving checkpoint at 12 epochs
2023-02-07 19:51:38,786 - mmcls - INFO - Epoch(val) [12][18]	accuracy_top-1: 94.0559
2023-02-07 19:51:44,222 - mmcls - INFO - Saving checkpoint at 13 epochs
2023-02-07 19:51:45,177 - mmcls - INFO - Epoch(val) [13][18]	accuracy_top-1: 93.8811
2023-02-07 19:51:50,603 - mmcls - INFO - Saving checkpoint at 14 epochs
2023-02-07 19:51:51,548 - mmcls - INFO - Epoch(val) [14][18]	accuracy_top-1: 94.7552
2023-02-07 19:51:56,930 - mmcls - INFO - Saving checkpoint at 15 epochs
2023-02-07 19:51:57,898 - mmcls - INFO - Epoch(val) [15][18]	accuracy_top-1: 94.0559
2023-02-07 19:52:03,388 - mmcls - INFO - Saving checkpoint at 16 epochs
2023-02-07 19:52:04,346 - mmcls - INFO - Epoch(val) [16][18]	accuracy_top-1: 94.5804
2023-02-07 19:52:09,778 - mmcls - INFO - Saving checkpoint at 17 epochs
2023-02-07 19:52:10,732 - mmcls - INFO - Epoch(val) [17][18]	accuracy_top-1: 94.0559
2023-02-07 19:52:16,170 - mmcls - INFO - Saving checkpoint at 18 epochs
2023-02-07 19:52:17,129 - mmcls - INFO - Epoch(val) [18][18]	accuracy_top-1: 94.0559
2023-02-07 19:52:22,546 - mmcls - INFO - Saving checkpoint at 19 epochs
2023-02-07 19:52:23,500 - mmcls - INFO - Epoch(val) [19][18]	accuracy_top-1: 93.7063
2023-02-07 19:52:28,900 - mmcls - INFO - Saving checkpoint at 20 epochs
2023-02-07 19:52:29,857 - mmcls - INFO - Epoch(val) [20][18]	accuracy_top-1: 94.5804
2023-02-07 19:52:35,285 - mmcls - INFO - Saving checkpoint at 21 epochs
2023-02-07 19:52:36,247 - mmcls - INFO - Epoch(val) [21][18]	accuracy_top-1: 93.8811
2023-02-07 19:52:41,636 - mmcls - INFO - Saving checkpoint at 22 epochs
2023-02-07 19:52:42,594 - mmcls - INFO - Epoch(val) [22][18]	accuracy_top-1: 94.0559
2023-02-07 19:52:48,085 - mmcls - INFO - Saving checkpoint at 23 epochs
2023-02-07 19:52:49,048 - mmcls - INFO - Epoch(val) [23][18]	accuracy_top-1: 94.5804
2023-02-07 19:52:54,467 - mmcls - INFO - Saving checkpoint at 24 epochs
2023-02-07 19:52:55,425 - mmcls - INFO - Epoch(val) [24][18]	accuracy_top-1: 94.5804
2023-02-07 19:53:00,815 - mmcls - INFO - Saving checkpoint at 25 epochs
2023-02-07 19:53:01,771 - mmcls - INFO - Epoch(val) [25][18]	accuracy_top-1: 95.1049
2023-02-07 19:53:07,167 - mmcls - INFO - Saving checkpoint at 26 epochs
2023-02-07 19:53:08,131 - mmcls - INFO - Epoch(val) [26][18]	accuracy_top-1: 94.7552
2023-02-07 19:53:13,545 - mmcls - INFO - Saving checkpoint at 27 epochs
2023-02-07 19:53:14,507 - mmcls - INFO - Epoch(val) [27][18]	accuracy_top-1: 94.2308
2023-02-07 19:53:19,885 - mmcls - INFO - Saving checkpoint at 28 epochs
2023-02-07 19:53:20,840 - mmcls - INFO - Epoch(val) [28][18]	accuracy_top-1: 94.0559
2023-02-07 19:53:26,251 - mmcls - INFO - Saving checkpoint at 29 epochs
2023-02-07 19:53:27,209 - mmcls - INFO - Epoch(val) [29][18]	accuracy_top-1: 94.2308
2023-02-07 19:53:32,648 - mmcls - INFO - Saving checkpoint at 30 epochs
2023-02-07 19:53:33,608 - mmcls - INFO - Epoch(val) [30][18]	accuracy_top-1: 94.4056
2023-02-07 19:53:39,045 - mmcls - INFO - Saving checkpoint at 31 epochs
2023-02-07 19:53:40,012 - mmcls - INFO - Epoch(val) [31][18]	accuracy_top-1: 94.4056
2023-02-07 19:53:45,406 - mmcls - INFO - Saving checkpoint at 32 epochs
2023-02-07 19:53:46,367 - mmcls - INFO - Epoch(val) [32][18]	accuracy_top-1: 94.0559
2023-02-07 19:53:51,782 - mmcls - INFO - Saving checkpoint at 33 epochs
2023-02-07 19:53:52,744 - mmcls - INFO - Epoch(val) [33][18]	accuracy_top-1: 94.7552
2023-02-07 19:53:58,175 - mmcls - INFO - Saving checkpoint at 34 epochs
2023-02-07 19:53:59,144 - mmcls - INFO - Epoch(val) [34][18]	accuracy_top-1: 94.0559
2023-02-07 19:54:04,582 - mmcls - INFO - Saving checkpoint at 35 epochs
2023-02-07 19:54:05,534 - mmcls - INFO - Epoch(val) [35][18]	accuracy_top-1: 94.2308
2023-02-07 19:54:10,953 - mmcls - INFO - Saving checkpoint at 36 epochs
2023-02-07 19:54:11,896 - mmcls - INFO - Epoch(val) [36][18]	accuracy_top-1: 95.1049
2023-02-07 19:54:17,274 - mmcls - INFO - Saving checkpoint at 37 epochs
2023-02-07 19:54:18,235 - mmcls - INFO - Epoch(val) [37][18]	accuracy_top-1: 94.7552
2023-02-07 19:54:23,636 - mmcls - INFO - Saving checkpoint at 38 epochs
2023-02-07 19:54:24,594 - mmcls - INFO - Epoch(val) [38][18]	accuracy_top-1: 94.4056
2023-02-07 19:54:30,044 - mmcls - INFO - Saving checkpoint at 39 epochs
2023-02-07 19:54:31,001 - mmcls - INFO - Epoch(val) [39][18]	accuracy_top-1: 94.7552
2023-02-07 19:54:36,416 - mmcls - INFO - Saving checkpoint at 40 epochs
2023-02-07 19:54:37,362 - mmcls - INFO - Epoch(val) [40][18]	accuracy_top-1: 94.4056
2023-02-07 19:54:42,784 - mmcls - INFO - Saving checkpoint at 41 epochs
2023-02-07 19:54:43,748 - mmcls - INFO - Epoch(val) [41][18]	accuracy_top-1: 94.5804
2023-02-07 19:54:49,149 - mmcls - INFO - Saving checkpoint at 42 epochs
2023-02-07 19:54:50,097 - mmcls - INFO - Epoch(val) [42][18]	accuracy_top-1: 95.2797
2023-02-07 19:54:55,476 - mmcls - INFO - Saving checkpoint at 43 epochs
2023-02-07 19:54:56,431 - mmcls - INFO - Epoch(val) [43][18]	accuracy_top-1: 94.5804
2023-02-07 19:55:01,867 - mmcls - INFO - Saving checkpoint at 44 epochs
2023-02-07 19:55:02,819 - mmcls - INFO - Epoch(val) [44][18]	accuracy_top-1: 94.2308
2023-02-07 19:55:08,201 - mmcls - INFO - Saving checkpoint at 45 epochs
2023-02-07 19:55:18,849 - mmcls - INFO - Epoch(val) [45][18]	accuracy_top-1: 94.9301
2023-02-07 19:55:24,303 - mmcls - INFO - Saving checkpoint at 46 epochs
2023-02-07 19:55:25,259 - mmcls - INFO - Epoch(val) [46][18]	accuracy_top-1: 94.7552
2023-02-07 19:55:30,673 - mmcls - INFO - Saving checkpoint at 47 epochs
2023-02-07 19:55:51,764 - mmcls - INFO - Epoch(val) [47][18]	accuracy_top-1: 95.1049
2023-02-07 19:55:57,211 - mmcls - INFO - Saving checkpoint at 48 epochs
2023-02-07 19:55:58,169 - mmcls - INFO - Epoch(val) [48][18]	accuracy_top-1: 95.1049
2023-02-07 19:56:03,552 - mmcls - INFO - Saving checkpoint at 49 epochs
2023-02-07 19:56:04,504 - mmcls - INFO - Epoch(val) [49][18]	accuracy_top-1: 94.9301
2023-02-07 19:56:09,867 - mmcls - INFO - Saving checkpoint at 50 epochs
2023-02-07 19:56:10,824 - mmcls - INFO - Epoch(val) [50][18]	accuracy_top-1: 95.1049
2023-02-07 19:56:16,241 - mmcls - INFO - Saving checkpoint at 51 epochs
2023-02-07 19:56:17,192 - mmcls - INFO - Epoch(val) [51][18]	accuracy_top-1: 94.9301
2023-02-07 19:56:22,573 - mmcls - INFO - Saving checkpoint at 52 epochs
2023-02-07 19:56:23,531 - mmcls - INFO - Epoch(val) [52][18]	accuracy_top-1: 95.1049
2023-02-07 19:56:28,942 - mmcls - INFO - Saving checkpoint at 53 epochs
2023-02-07 19:56:29,897 - mmcls - INFO - Epoch(val) [53][18]	accuracy_top-1: 94.7552
2023-02-07 19:56:35,301 - mmcls - INFO - Saving checkpoint at 54 epochs
2023-02-07 19:56:36,259 - mmcls - INFO - Epoch(val) [54][18]	accuracy_top-1: 94.9301
2023-02-07 19:56:41,680 - mmcls - INFO - Saving checkpoint at 55 epochs
2023-02-07 19:56:42,687 - mmcls - INFO - Epoch(val) [55][18]	accuracy_top-1: 95.1049
2023-02-07 19:56:48,136 - mmcls - INFO - Saving checkpoint at 56 epochs
2023-02-07 19:56:49,105 - mmcls - INFO - Epoch(val) [56][18]	accuracy_top-1: 94.9301
2023-02-07 19:56:54,548 - mmcls - INFO - Saving checkpoint at 57 epochs
2023-02-07 19:56:55,499 - mmcls - INFO - Epoch(val) [57][18]	accuracy_top-1: 94.9301
2023-02-07 19:57:00,973 - mmcls - INFO - Saving checkpoint at 58 epochs
2023-02-07 19:57:01,924 - mmcls - INFO - Epoch(val) [58][18]	accuracy_top-1: 94.7552
2023-02-07 19:57:07,317 - mmcls - INFO - Saving checkpoint at 59 epochs
2023-02-07 19:57:08,270 - mmcls - INFO - Epoch(val) [59][18]	accuracy_top-1: 94.7552
2023-02-07 19:57:13,684 - mmcls - INFO - Saving checkpoint at 60 epochs
2023-02-07 19:57:14,645 - mmcls - INFO - Epoch(val) [60][18]	accuracy_top-1: 94.4056
2023-02-07 19:57:20,057 - mmcls - INFO - Saving checkpoint at 61 epochs
2023-02-07 19:57:21,021 - mmcls - INFO - Epoch(val) [61][18]	accuracy_top-1: 94.7552
2023-02-07 19:57:26,408 - mmcls - INFO - Saving checkpoint at 62 epochs
2023-02-07 19:57:27,367 - mmcls - INFO - Epoch(val) [62][18]	accuracy_top-1: 94.4056
2023-02-07 19:57:32,836 - mmcls - INFO - Saving checkpoint at 63 epochs
2023-02-07 19:57:33,805 - mmcls - INFO - Epoch(val) [63][18]	accuracy_top-1: 94.4056
2023-02-07 19:57:39,219 - mmcls - INFO - Saving checkpoint at 64 epochs
2023-02-07 19:57:40,175 - mmcls - INFO - Epoch(val) [64][18]	accuracy_top-1: 94.4056
2023-02-07 19:57:45,566 - mmcls - INFO - Saving checkpoint at 65 epochs
2023-02-07 19:57:46,525 - mmcls - INFO - Epoch(val) [65][18]	accuracy_top-1: 94.9301
2023-02-07 19:57:51,949 - mmcls - INFO - Saving checkpoint at 66 epochs
2023-02-07 19:57:52,905 - mmcls - INFO - Epoch(val) [66][18]	accuracy_top-1: 95.2797
2023-02-07 19:57:58,317 - mmcls - INFO - Saving checkpoint at 67 epochs
2023-02-07 19:57:59,272 - mmcls - INFO - Epoch(val) [67][18]	accuracy_top-1: 94.5804
2023-02-07 19:58:04,729 - mmcls - INFO - Saving checkpoint at 68 epochs
2023-02-07 19:58:05,687 - mmcls - INFO - Epoch(val) [68][18]	accuracy_top-1: 94.7552
2023-02-07 19:58:11,110 - mmcls - INFO - Saving checkpoint at 69 epochs
2023-02-07 19:58:12,063 - mmcls - INFO - Epoch(val) [69][18]	accuracy_top-1: 95.4545
2023-02-07 19:58:17,502 - mmcls - INFO - Saving checkpoint at 70 epochs
2023-02-07 19:58:18,454 - mmcls - INFO - Epoch(val) [70][18]	accuracy_top-1: 94.9301
2023-02-07 19:58:23,892 - mmcls - INFO - Saving checkpoint at 71 epochs
2023-02-07 19:58:24,850 - mmcls - INFO - Epoch(val) [71][18]	accuracy_top-1: 94.9301
2023-02-07 19:58:30,328 - mmcls - INFO - Saving checkpoint at 72 epochs
2023-02-07 19:58:31,287 - mmcls - INFO - Epoch(val) [72][18]	accuracy_top-1: 94.9301
2023-02-07 19:58:36,718 - mmcls - INFO - Saving checkpoint at 73 epochs
2023-02-07 19:58:37,681 - mmcls - INFO - Epoch(val) [73][18]	accuracy_top-1: 94.7552
2023-02-07 19:58:43,108 - mmcls - INFO - Saving checkpoint at 74 epochs
2023-02-07 19:58:44,063 - mmcls - INFO - Epoch(val) [74][18]	accuracy_top-1: 94.7552
2023-02-07 19:58:49,527 - mmcls - INFO - Saving checkpoint at 75 epochs
2023-02-07 19:58:50,484 - mmcls - INFO - Epoch(val) [75][18]	accuracy_top-1: 95.4545
2023-02-07 19:58:55,925 - mmcls - INFO - Saving checkpoint at 76 epochs
2023-02-07 19:58:56,881 - mmcls - INFO - Epoch(val) [76][18]	accuracy_top-1: 94.4056
2023-02-07 19:59:02,312 - mmcls - INFO - Saving checkpoint at 77 epochs
2023-02-07 19:59:03,277 - mmcls - INFO - Epoch(val) [77][18]	accuracy_top-1: 93.8811
2023-02-07 19:59:08,805 - mmcls - INFO - Saving checkpoint at 78 epochs
2023-02-07 19:59:09,773 - mmcls - INFO - Epoch(val) [78][18]	accuracy_top-1: 94.5804
2023-02-07 19:59:15,195 - mmcls - INFO - Saving checkpoint at 79 epochs
2023-02-07 19:59:16,147 - mmcls - INFO - Epoch(val) [79][18]	accuracy_top-1: 94.5804
2023-02-07 19:59:21,557 - mmcls - INFO - Saving checkpoint at 80 epochs
2023-02-07 19:59:22,512 - mmcls - INFO - Epoch(val) [80][18]	accuracy_top-1: 94.5804
2023-02-07 19:59:27,924 - mmcls - INFO - Saving checkpoint at 81 epochs
2023-02-07 19:59:28,881 - mmcls - INFO - Epoch(val) [81][18]	accuracy_top-1: 94.5804
2023-02-07 19:59:34,326 - mmcls - INFO - Saving checkpoint at 82 epochs
2023-02-07 19:59:35,285 - mmcls - INFO - Epoch(val) [82][18]	accuracy_top-1: 94.9301
2023-02-07 19:59:40,700 - mmcls - INFO - Saving checkpoint at 83 epochs
2023-02-07 19:59:41,651 - mmcls - INFO - Epoch(val) [83][18]	accuracy_top-1: 95.1049
2023-02-07 19:59:47,057 - mmcls - INFO - Saving checkpoint at 84 epochs
2023-02-07 19:59:48,021 - mmcls - INFO - Epoch(val) [84][18]	accuracy_top-1: 94.4056
2023-02-07 19:59:53,468 - mmcls - INFO - Saving checkpoint at 85 epochs
2023-02-07 19:59:54,427 - mmcls - INFO - Epoch(val) [85][18]	accuracy_top-1: 94.5804
2023-02-07 19:59:59,818 - mmcls - INFO - Saving checkpoint at 86 epochs
2023-02-07 20:00:00,780 - mmcls - INFO - Epoch(val) [86][18]	accuracy_top-1: 94.5804
2023-02-07 20:00:06,234 - mmcls - INFO - Saving checkpoint at 87 epochs
2023-02-07 20:00:07,201 - mmcls - INFO - Epoch(val) [87][18]	accuracy_top-1: 94.7552
2023-02-07 20:00:12,677 - mmcls - INFO - Saving checkpoint at 88 epochs
2023-02-07 20:00:13,645 - mmcls - INFO - Epoch(val) [88][18]	accuracy_top-1: 94.7552
2023-02-07 20:00:19,067 - mmcls - INFO - Saving checkpoint at 89 epochs
2023-02-07 20:00:20,076 - mmcls - INFO - Epoch(val) [89][18]	accuracy_top-1: 95.2797
2023-02-07 20:00:25,522 - mmcls - INFO - Saving checkpoint at 90 epochs
2023-02-07 20:00:26,481 - mmcls - INFO - Epoch(val) [90][18]	accuracy_top-1: 94.2308
2023-02-07 20:00:31,888 - mmcls - INFO - Saving checkpoint at 91 epochs
2023-02-07 20:00:32,847 - mmcls - INFO - Epoch(val) [91][18]	accuracy_top-1: 94.4056
2023-02-07 20:00:38,268 - mmcls - INFO - Saving checkpoint at 92 epochs
2023-02-07 20:00:39,218 - mmcls - INFO - Epoch(val) [92][18]	accuracy_top-1: 94.2308
2023-02-07 20:00:44,662 - mmcls - INFO - Saving checkpoint at 93 epochs
2023-02-07 20:00:45,617 - mmcls - INFO - Epoch(val) [93][18]	accuracy_top-1: 94.4056
2023-02-07 20:00:51,072 - mmcls - INFO - Saving checkpoint at 94 epochs
2023-02-07 20:00:52,040 - mmcls - INFO - Epoch(val) [94][18]	accuracy_top-1: 94.5804
2023-02-07 20:00:57,475 - mmcls - INFO - Saving checkpoint at 95 epochs
2023-02-07 20:00:58,433 - mmcls - INFO - Epoch(val) [95][18]	accuracy_top-1: 94.2308
2023-02-07 20:01:03,844 - mmcls - INFO - Saving checkpoint at 96 epochs
2023-02-07 20:01:04,795 - mmcls - INFO - Epoch(val) [96][18]	accuracy_top-1: 94.5804
2023-02-07 20:01:10,217 - mmcls - INFO - Saving checkpoint at 97 epochs
2023-02-07 20:01:11,175 - mmcls - INFO - Epoch(val) [97][18]	accuracy_top-1: 94.7552
2023-02-07 20:01:16,620 - mmcls - INFO - Saving checkpoint at 98 epochs
2023-02-07 20:01:17,580 - mmcls - INFO - Epoch(val) [98][18]	accuracy_top-1: 94.4056
2023-02-07 20:01:22,989 - mmcls - INFO - Saving checkpoint at 99 epochs
2023-02-07 20:01:23,959 - mmcls - INFO - Epoch(val) [99][18]	accuracy_top-1: 94.7552
2023-02-07 20:01:29,415 - mmcls - INFO - Saving checkpoint at 100 epochs
2023-02-07 20:01:30,385 - mmcls - INFO - Epoch(val) [100][18]	accuracy_top-1: 94.4056
